#
# There is insufficient memory for the Java Runtime Environment to continue.
# Native memory allocation (malloc) failed to allocate 208666624 bytes for committing reserved memory.
# Possible reasons:
#   The system is out of physical RAM or swap space
#   In 32 bit mode, the process size limit was hit
# Possible solutions:
#   Reduce memory load on the system
#   Increase physical memory or swap space
#   Check if swap backing store is full
#   Use 64 bit Java on a 64 bit OS
#   Decrease Java heap size (-Xmx/-Xms)
#   Decrease number of Java threads
#   Decrease Java thread stack sizes (-Xss)
#   Set larger code cache with -XX:ReservedCodeCacheSize=
# This output file may be truncated or incomplete.
#
#  Out of Memory Error (os_linux.cpp:2809), pid=21499, tid=140416230582016
#
# JRE version: OpenJDK Runtime Environment (7.0_79-b14) (build 1.7.0_79-b14)
# Java VM: OpenJDK 64-Bit Server VM (24.79-b02 mixed mode linux-amd64 compressed oops)
# Derivative: IcedTea 2.5.5
# Distribution: Ubuntu 14.04 LTS, package 7u79-2.5.5-0ubuntu0.14.04.2
# Failed to write core dump. Core dumps have been disabled. To enable core dumping, try "ulimit -c unlimited" before starting Java again
#

---------------  T H R E A D  ---------------

Current thread (0x00007fb54807d000):  VMThread [stack: 0x00007fb5337b6000,0x00007fb5338b7000] [id=21515]

Stack: [0x00007fb5337b6000,0x00007fb5338b7000],  sp=0x00007fb5338b5490,  free space=1021k
Native frames: (J=compiled Java code, j=interpreted, Vv=VM code, C=native code)
V  [libjvm.so+0x94aec5]  VMError::report_and_die()+0x175
V  [libjvm.so+0x48b9c4]  report_vm_out_of_memory(char const*, int, unsigned long, char const*)+0x74
V  [libjvm.so+0x7c806b]  os::pd_commit_memory(char*, unsigned long, unsigned long, bool)+0xeb
V  [libjvm.so+0x7c2b0f]  os::commit_memory(char*, unsigned long, unsigned long, bool)+0x1f
V  [libjvm.so+0x83500b]  PSVirtualSpace::expand_by(unsigned long)+0x5b
V  [libjvm.so+0x835e60]  PSYoungGen::resize_generation(unsigned long, unsigned long)+0xb0
V  [libjvm.so+0x83654b]  PSYoungGen::resize(unsigned long, unsigned long)+0x1b
V  [libjvm.so+0x832830]  PSScavenge::invoke_no_policy()+0xde0
V  [libjvm.so+0x833008]  PSScavenge::invoke()+0x38
V  [libjvm.so+0x7e96f3]  ParallelScavengeHeap::failed_mem_allocate(unsigned long)+0x63
V  [libjvm.so+0x94c8c4]  VM_ParallelGCFailedAllocation::doit()+0x84
V  [libjvm.so+0x950dc7]  VM_Operation::evaluate()+0x47
V  [libjvm.so+0x94f738]  VMThread::evaluate_operation(VM_Operation*)+0x318
V  [libjvm.so+0x94fb99]  VMThread::loop()+0x219
V  [libjvm.so+0x94ffe2]  VMThread::run()+0x72
V  [libjvm.so+0x7c4f32]  java_start(Thread*)+0xf2

VM_Operation (0x00007fb50fffe770): ParallelGCFailedAllocation, mode: safepoint, requested by thread 0x00007fb548d24000


---------------  P R O C E S S  ---------------

Java Threads: ( => current thread )
  0x00007fb508003800 JavaThread "ForkJoinPool-3-worker-7" daemon [_thread_blocked, id=21625, stack(0x00007fb50d182000,0x00007fb50d283000)]
  0x00007fb500005000 JavaThread "sparkDriver-akka.actor.default-dispatcher-14" daemon [_thread_blocked, id=21624, stack(0x00007fb50d283000,0x00007fb50d384000)]
  0x00007fb4fc032800 JavaThread "task-result-getter-2" daemon [_thread_blocked, id=21623, stack(0x00007fb50d384000,0x00007fb50d485000)]
  0x00007fb4fc02f000 JavaThread "task-result-getter-1" daemon [_thread_blocked, id=21622, stack(0x00007fb50d485000,0x00007fb50d586000)]
  0x00007fb4fc02a800 JavaThread "task-result-getter-0" daemon [_thread_blocked, id=21621, stack(0x00007fb50d586000,0x00007fb50d687000)]
  0x00007fb4fc029000 JavaThread "Executor task launch worker-0" daemon [_thread_blocked, id=21620, stack(0x00007fb50d687000,0x00007fb50d788000)]
  0x00007fb548faa800 JavaThread "SparkListenerBus" daemon [_thread_blocked, id=21616, stack(0x00007fb50d9da000,0x00007fb50dadb000)]
  0x00007fb548fae800 JavaThread "Spark Context Cleaner" daemon [_thread_blocked, id=21615, stack(0x00007fb50dadb000,0x00007fb50dbdc000)]
  0x00007fb548f30000 JavaThread "shuffle-server-0" daemon [_thread_blocked, id=21614, stack(0x00007fb50dbdc000,0x00007fb50dcdd000)]
  0x00007fb548dce800 JavaThread "process reaper" daemon [_thread_blocked, id=21611, stack(0x00007fb5300b9000,0x00007fb5300f2000)]
  0x00007fb4fc00d800 JavaThread "Driver Heartbeater" daemon [_thread_blocked, id=21608, stack(0x00007fb50dcdd000,0x00007fb50ddde000)]
  0x00007fb549167000 JavaThread "dag-scheduler-event-loop" daemon [_thread_blocked, id=21607, stack(0x00007fb50ddde000,0x00007fb50dedf000)]
  0x00007fb549147800 JavaThread "Timer-0" daemon [_thread_blocked, id=21602, stack(0x00007fb50dedf000,0x00007fb50dfe0000)]
  0x00007fb549132800 JavaThread "qtp937817969-46" daemon [_thread_blocked, id=21601, stack(0x00007fb50dfe0000,0x00007fb50e0e1000)]
  0x00007fb549130800 JavaThread "qtp937817969-45" daemon [_thread_blocked, id=21600, stack(0x00007fb50e0e1000,0x00007fb50e1e2000)]
  0x00007fb54912e800 JavaThread "qtp937817969-44" daemon [_thread_blocked, id=21599, stack(0x00007fb50e1e2000,0x00007fb50e2e3000)]
  0x00007fb54912c800 JavaThread "qtp937817969-43" daemon [_thread_blocked, id=21598, stack(0x00007fb50e2e3000,0x00007fb50e3e4000)]
  0x00007fb54912b000 JavaThread "qtp937817969-42" daemon [_thread_blocked, id=21597, stack(0x00007fb50e3e4000,0x00007fb50e4e5000)]
  0x00007fb549129800 JavaThread "qtp937817969-41" daemon [_thread_blocked, id=21596, stack(0x00007fb50e4e5000,0x00007fb50e5e6000)]
  0x00007fb549128000 JavaThread "qtp937817969-40 Acceptor0 SelectChannelConnector@0.0.0.0:4040" daemon [_thread_in_native, id=21595, stack(0x00007fb50e5e6000,0x00007fb50e6e7000)]
  0x00007fb54911a800 JavaThread "qtp937817969-39 Selector0" daemon [_thread_blocked, id=21594, stack(0x00007fb50e6e7000,0x00007fb50e7e8000)]
  0x00007fb5490d2000 JavaThread "SPARK_CONTEXT cleanup timer" daemon [_thread_blocked, id=21593, stack(0x00007fb50e7e8000,0x00007fb50e8e9000)]
  0x00007fb5490b9000 JavaThread "qtp1894214315-36" daemon [_thread_blocked, id=21592, stack(0x00007fb50e8e9000,0x00007fb50e9ea000)]
  0x00007fb5490b7000 JavaThread "qtp1894214315-35" daemon [_thread_blocked, id=21591, stack(0x00007fb50e9ea000,0x00007fb50eaeb000)]
  0x00007fb5490b5000 JavaThread "qtp1894214315-34" daemon [_thread_blocked, id=21590, stack(0x00007fb50eaeb000,0x00007fb50ebec000)]
  0x00007fb5490b2800 JavaThread "qtp1894214315-33" daemon [_thread_blocked, id=21589, stack(0x00007fb50ebec000,0x00007fb50eced000)]
  0x00007fb5490b0800 JavaThread "qtp1894214315-32" daemon [_thread_blocked, id=21588, stack(0x00007fb50eced000,0x00007fb50edee000)]
  0x00007fb5490af000 JavaThread "qtp1894214315-31" daemon [_thread_blocked, id=21587, stack(0x00007fb50edee000,0x00007fb50eeef000)]
  0x00007fb5490ad000 JavaThread "qtp1894214315-30" daemon [_thread_blocked, id=21586, stack(0x00007fb50eeef000,0x00007fb50eff0000)]
  0x00007fb549079800 JavaThread "qtp1894214315-29 Acceptor0 SocketConnector@0.0.0.0:37278" daemon [_thread_in_native, id=21585, stack(0x00007fb50eff0000,0x00007fb50f0f1000)]
  0x00007fb548e5a000 JavaThread "BROADCAST_VARS cleanup timer" daemon [_thread_blocked, id=21584, stack(0x00007fb50f0f1000,0x00007fb50f1f2000)]
  0x00007fb548e5d000 JavaThread "BLOCK_MANAGER cleanup timer" daemon [_thread_blocked, id=21583, stack(0x00007fb50f1f2000,0x00007fb50f2f3000)]
  0x00007fb548e1b800 JavaThread "MAP_OUTPUT_TRACKER cleanup timer" daemon [_thread_blocked, id=21582, stack(0x00007fb50f2f3000,0x00007fb50f3f4000)]
  0x00007fb4ec06a000 JavaThread "New I/O server boss #6" daemon [_thread_in_native, id=21581, stack(0x00007fb50f3f4000,0x00007fb50f4f5000)]
  0x00007fb4ec072000 JavaThread "New I/O worker #5" daemon [_thread_blocked, id=21580, stack(0x00007fb50f4f5000,0x00007fb50f5f6000)]
  0x00007fb4ec06f800 JavaThread "New I/O worker #4" daemon [_thread_blocked, id=21579, stack(0x00007fb50f5f6000,0x00007fb50f6f7000)]
  0x00007fb4ec06d000 JavaThread "New I/O boss #3" daemon [_thread_blocked, id=21578, stack(0x00007fb50f6f7000,0x00007fb50f7f8000)]
  0x00007fb4ec029800 JavaThread "New I/O worker #2" daemon [_thread_blocked, id=21577, stack(0x00007fb50f7f8000,0x00007fb50f8f9000)]
  0x00007fb4ec024000 JavaThread "New I/O worker #1" daemon [_thread_blocked, id=21576, stack(0x00007fb50f8f9000,0x00007fb50f9fa000)]
  0x00007fb548dea000 JavaThread "sparkDriver-akka.remote.default-remote-dispatcher-6" daemon [_thread_blocked, id=21575, stack(0x00007fb50f9fa000,0x00007fb50fafb000)]
  0x00007fb4f4007000 JavaThread "sparkDriver-akka.remote.default-remote-dispatcher-5" daemon [_thread_blocked, id=21574, stack(0x00007fb50fafb000,0x00007fb50fbfc000)]
  0x00007fb548db8800 JavaThread "sparkDriver-akka.actor.default-dispatcher-4" daemon [_thread_blocked, id=21573, stack(0x00007fb50fbfc000,0x00007fb50fcfd000)]
  0x00007fb548db3000 JavaThread "sparkDriver-akka.actor.default-dispatcher-3" daemon [_thread_blocked, id=21572, stack(0x00007fb50fcfd000,0x00007fb50fdfe000)]
  0x00007fb548da0000 JavaThread "sparkDriver-akka.actor.default-dispatcher-2" daemon [_thread_blocked, id=21571, stack(0x00007fb50fdfe000,0x00007fb50feff000)]
  0x00007fb548d24000 JavaThread "sparkDriver-scheduler-1" daemon [_thread_blocked, id=21570, stack(0x00007fb50feff000,0x00007fb510000000)]
  0x00007fb5480b6000 JavaThread "Service Thread" daemon [_thread_blocked, id=21526, stack(0x00007fb532ace000,0x00007fb532bcf000)]
  0x00007fb5480b3800 JavaThread "C2 CompilerThread1" daemon [_thread_blocked, id=21525, stack(0x00007fb532bcf000,0x00007fb532cd0000)]
  0x00007fb5480b0800 JavaThread "C2 CompilerThread0" daemon [_thread_blocked, id=21524, stack(0x00007fb532cd0000,0x00007fb532dd1000)]
  0x00007fb5480ae800 JavaThread "Signal Dispatcher" daemon [_thread_blocked, id=21523, stack(0x00007fb532dd1000,0x00007fb532ed2000)]
  0x00007fb548083800 JavaThread "Finalizer" daemon [_thread_blocked, id=21517, stack(0x00007fb5335b4000,0x00007fb5336b5000)]
  0x00007fb548081800 JavaThread "Reference Handler" daemon [_thread_blocked, id=21516, stack(0x00007fb5336b5000,0x00007fb5337b6000)]
  0x00007fb548012000 JavaThread "main" [_thread_blocked, id=21508, stack(0x00007fb54eeff000,0x00007fb54f000000)]

Other Threads:
=>0x00007fb54807d000 VMThread [stack: 0x00007fb5337b6000,0x00007fb5338b7000] [id=21515]
  0x00007fb5480c8800 WatcherThread [stack: 0x00007fb5329cd000,0x00007fb532ace000] [id=21527]

VM state:at safepoint (normal execution)

VM Mutex/Monitor currently owned by a thread:  ([mutex/lock_event])
[0x00007fb54800e1a0] Threads_lock - owner thread: 0x00007fb54807d000
[0x00007fb54800e6a0] Heap_lock - owner thread: 0x00007fb548d24000

Heap
 PSYoungGen      total 207872K, used 17387K [0x00000000e1800000, 0x00000000ef600000, 0x0000000100000000)
  eden space 190464K, 0% used [0x00000000e1800000,0x00000000e1800000,0x00000000ed200000)
  from space 17408K, 99% used [0x00000000ed200000,0x00000000ee2fafb0,0x00000000ee300000)
  to   space 15360K, 0% used [0x00000000ee300000,0x00000000ee300000,0x00000000ef200000)
 ParOldGen       total 62464K, used 28819K [0x00000000a4800000, 0x00000000a8500000, 0x00000000e1800000)
  object space 62464K, 46% used [0x00000000a4800000,0x00000000a6424c28,0x00000000a8500000)
 PSPermGen       total 39936K, used 39489K [0x000000009a200000, 0x000000009c900000, 0x00000000a4800000)
  object space 39936K, 98% used [0x000000009a200000,0x000000009c8905d8,0x000000009c900000)

Card table byte_map: [0x00007fb5446af000,0x00007fb5449df000] byte_map_base: 0x00007fb5441de000

Polling page: 0x00007fb54f023000

Code Cache  [0x00007fb5449df000, 0x00007fb544c4f000, 0x00007fb5479df000)
 total_blobs=1025 nmethods=620 adapters=358 free_code_cache=47171Kb largest_free_block=48238336

Compilation events (10 events):
Event: 43.482 Thread 0x00007fb5480b0800 nmethod 654 0x00007fb544bcb610 code [0x00007fb544bcb760, 0x00007fb544bcb858]
Event: 43.482 Thread 0x00007fb5480b0800  655             java.lang.Character::digit (10 bytes)
Event: 43.486 Thread 0x00007fb5480b0800 nmethod 655 0x00007fb544af7290 code [0x00007fb544af73e0, 0x00007fb544af7598]
Event: 43.489 Thread 0x00007fb5480b0800  656             java.lang.String::<init> (15 bytes)
Event: 43.490 Thread 0x00007fb5480b0800 nmethod 656 0x00007fb544b39f90 code [0x00007fb544b3a0c0, 0x00007fb544b3a138]
Event: 43.490 Thread 0x00007fb5480b0800  657 %           java.lang.Integer::parseInt @ 173 (261 bytes)
Event: 43.519 Thread 0x00007fb5480b0800 nmethod 657% 0x00007fb544b0cc10 code [0x00007fb544b0cda0, 0x00007fb544b0d508]
Event: 43.520 Thread 0x00007fb5480b0800  658             java.lang.Integer::parseInt (261 bytes)
Event: 43.536 Thread 0x00007fb5480b0800 nmethod 658 0x00007fb544bc9650 code [0x00007fb544bc9820, 0x00007fb544bc9ee0]
Event: 43.590 Thread 0x00007fb5480b3800 nmethod 641% 0x00007fb544bd4590 code [0x00007fb544bd4d20, 0x00007fb544bd8f90]

GC Heap History (10 events):
Event: 21.415 GC heap after
Heap after GC invocations=2 (full 0):
 PSYoungGen      total 51712K, used 3572K [0x00000000e1800000, 0x00000000e4e00000, 0x0000000100000000)
  eden space 48128K, 0% used [0x00000000e1800000,0x00000000e1800000,0x00000000e4700000)
  from space 3584K, 99% used [0x00000000e4a80000,0x00000000e4dfd228,0x00000000e4e00000)
  to   space 3584K, 0% used [0x00000000e4700000,0x00000000e4700000,0x00000000e4a80000)
 ParOldGen       total 62464K, used 819K [0x00000000a4800000, 0x00000000a8500000, 0x00000000e1800000)
  object space 62464K, 1% used [0x00000000a4800000,0x00000000a48ccfe0,0x00000000a8500000)
 PSPermGen       total 21504K, used 12993K [0x000000009a200000, 0x000000009b700000, 0x00000000a4800000)
  object space 21504K, 60% used [0x000000009a200000,0x000000009aeb05d8,0x000000009b700000)
}
Event: 24.323 GC heap before
{Heap before GC invocations=3 (full 0):
 PSYoungGen      total 51712K, used 51685K [0x00000000e1800000, 0x00000000e4e00000, 0x0000000100000000)
  eden space 48128K, 99% used [0x00000000e1800000,0x00000000e46fc588,0x00000000e4700000)
  from space 3584K, 99% used [0x00000000e4a80000,0x00000000e4dfd228,0x00000000e4e00000)
  to   space 3584K, 0% used [0x00000000e4700000,0x00000000e4700000,0x00000000e4a80000)
 ParOldGen       total 62464K, used 819K [0x00000000a4800000, 0x00000000a8500000, 0x00000000e1800000)
  object space 62464K, 1% used [0x00000000a4800000,0x00000000a48ccfe0,0x00000000a8500000)
 PSPermGen       total 21504K, used 19360K [0x000000009a200000, 0x000000009b700000, 0x00000000a4800000)
  object space 21504K, 90% used [0x000000009a200000,0x000000009b4e80b8,0x000000009b700000)
Event: 24.336 GC heap after
Heap after GC invocations=3 (full 0):
 PSYoungGen      total 51712K, used 3557K [0x00000000e1800000, 0x00000000e7d00000, 0x0000000100000000)
  eden space 48128K, 0% used [0x00000000e1800000,0x00000000e1800000,0x00000000e4700000)
  from space 3584K, 99% used [0x00000000e4700000,0x00000000e4a79418,0x00000000e4a80000)
  to   space 3584K, 0% used [0x00000000e7980000,0x00000000e7980000,0x00000000e7d00000)
 ParOldGen       total 62464K, used 4401K [0x00000000a4800000, 0x00000000a8500000, 0x00000000e1800000)
  object space 62464K, 7% used [0x00000000a4800000,0x00000000a4c4c5a0,0x00000000a8500000)
 PSPermGen       total 21504K, used 19360K [0x000000009a200000, 0x000000009b700000, 0x00000000a4800000)
  object space 21504K, 90% used [0x000000009a200000,0x000000009b4e80b8,0x000000009b700000)
}
Event: 27.360 GC heap before
{Heap before GC invocations=4 (full 0):
 PSYoungGen      total 51712K, used 51685K [0x00000000e1800000, 0x00000000e7d00000, 0x0000000100000000)
  eden space 48128K, 100% used [0x00000000e1800000,0x00000000e4700000,0x00000000e4700000)
  from space 3584K, 99% used [0x00000000e4700000,0x00000000e4a79418,0x00000000e4a80000)
  to   space 3584K, 0% used [0x00000000e7980000,0x00000000e7980000,0x00000000e7d00000)
 ParOldGen       total 62464K, used 4401K [0x00000000a4800000, 0x00000000a8500000, 0x00000000e1800000)
  object space 62464K, 7% used [0x00000000a4800000,0x00000000a4c4c5a0,0x00000000a8500000)
 PSPermGen       total 26112K, used 25989K [0x000000009a200000, 0x000000009bb80000, 0x00000000a4800000)
  object space 26112K, 99% used [0x000000009a200000,0x000000009bb616a8,0x000000009bb80000)
Event: 27.375 GC heap after
Heap after GC invocations=4 (full 0):
 PSYoungGen      total 99840K, used 3562K [0x00000000e1800000, 0x00000000e7d00000, 0x0000000100000000)
  eden space 96256K, 0% used [0x00000000e1800000,0x00000000e1800000,0x00000000e7600000)
  from space 3584K, 99% used [0x00000000e7980000,0x00000000e7cfa868,0x00000000e7d00000)
  to   space 3584K, 0% used [0x00000000e7600000,0x00000000e7600000,0x00000000e7980000)
 ParOldGen       total 62464K, used 9662K [0x00000000a4800000, 0x00000000a8500000, 0x00000000e1800000)
  object space 62464K, 15% used [0x00000000a4800000,0x00000000a516f848,0x00000000a8500000)
 PSPermGen       total 26112K, used 25989K [0x000000009a200000, 0x000000009bb80000, 0x00000000a4800000)
  object space 26112K, 99% used [0x000000009a200000,0x000000009bb616a8,0x000000009bb80000)
}
Event: 39.874 GC heap before
{Heap before GC invocations=5 (full 0):
 PSYoungGen      total 99840K, used 99282K [0x00000000e1800000, 0x00000000e7d00000, 0x0000000100000000)
  eden space 96256K, 99% used [0x00000000e1800000,0x00000000e757a2e8,0x00000000e7600000)
  from space 3584K, 99% used [0x00000000e7980000,0x00000000e7cfa868,0x00000000e7d00000)
  to   space 3584K, 0% used [0x00000000e7600000,0x00000000e7600000,0x00000000e7980000)
 ParOldGen       total 62464K, used 9662K [0x00000000a4800000, 0x00000000a8500000, 0x00000000e1800000)
  object space 62464K, 15% used [0x00000000a4800000,0x00000000a516f848,0x00000000a8500000)
 PSPermGen       total 36864K, used 36854K [0x000000009a200000, 0x000000009c600000, 0x00000000a4800000)
  object space 36864K, 99% used [0x000000009a200000,0x000000009c5fd8d0,0x000000009c600000)
Event: 39.901 GC heap after
Heap after GC invocations=5 (full 0):
 PSYoungGen      total 99840K, used 3566K [0x00000000e1800000, 0x00000000ef200000, 0x0000000100000000)
  eden space 96256K, 0% used [0x00000000e1800000,0x00000000e1800000,0x00000000e7600000)
  from space 3584K, 99% used [0x00000000e7600000,0x00000000e797b8c8,0x00000000e7980000)
  to   space 15360K, 0% used [0x00000000ee300000,0x00000000ee300000,0x00000000ef200000)
 ParOldGen       total 62464K, used 20212K [0x00000000a4800000, 0x00000000a8500000, 0x00000000e1800000)
  object space 62464K, 32% used [0x00000000a4800000,0x00000000a5bbd118,0x00000000a8500000)
 PSPermGen       total 36864K, used 36854K [0x000000009a200000, 0x000000009c600000, 0x00000000a4800000)
  object space 36864K, 99% used [0x000000009a200000,0x000000009c5fd8d0,0x000000009c600000)
}
Event: 43.333 GC heap before
{Heap before GC invocations=6 (full 0):
 PSYoungGen      total 99840K, used 99822K [0x00000000e1800000, 0x00000000ef200000, 0x0000000100000000)
  eden space 96256K, 100% used [0x00000000e1800000,0x00000000e7600000,0x00000000e7600000)
  from space 3584K, 99% used [0x00000000e7600000,0x00000000e797b8c8,0x00000000e7980000)
  to   space 15360K, 0% used [0x00000000ee300000,0x00000000ee300000,0x00000000ef200000)
 ParOldGen       total 62464K, used 20212K [0x00000000a4800000, 0x00000000a8500000, 0x00000000e1800000)
  object space 62464K, 32% used [0x00000000a4800000,0x00000000a5bbd118,0x00000000a8500000)
 PSPermGen       total 39424K, used 39352K [0x000000009a200000, 0x000000009c880000, 0x00000000a4800000)
  object space 39424K, 99% used [0x000000009a200000,0x000000009c86e1d8,0x000000009c880000)
Event: 43.355 GC heap after
Heap after GC invocations=6 (full 0):
 PSYoungGen      total 205824K, used 14003K [0x00000000e1800000, 0x00000000ef600000, 0x0000000100000000)
  eden space 190464K, 0% used [0x00000000e1800000,0x00000000e1800000,0x00000000ed200000)
  from space 15360K, 91% used [0x00000000ee300000,0x00000000ef0acc20,0x00000000ef200000)
  to   space 17408K, 0% used [0x00000000ed200000,0x00000000ed200000,0x00000000ee300000)
 ParOldGen       total 62464K, used 20220K [0x00000000a4800000, 0x00000000a8500000, 0x00000000e1800000)
  object space 62464K, 32% used [0x00000000a4800000,0x00000000a5bbf118,0x00000000a8500000)
 PSPermGen       total 39424K, used 39352K [0x000000009a200000, 0x000000009c880000, 0x00000000a4800000)
  object space 39424K, 99% used [0x000000009a200000,0x000000009c86e1d8,0x000000009c880000)
}
Event: 43.777 GC heap before
{Heap before GC invocations=7 (full 0):
 PSYoungGen      total 205824K, used 204467K [0x00000000e1800000, 0x00000000ef600000, 0x0000000100000000)
  eden space 190464K, 100% used [0x00000000e1800000,0x00000000ed200000,0x00000000ed200000)
  from space 15360K, 91% used [0x00000000ee300000,0x00000000ef0acc20,0x00000000ef200000)
  to   space 17408K, 0% used [0x00000000ed200000,0x00000000ed200000,0x00000000ee300000)
 ParOldGen       total 62464K, used 20220K [0x00000000a4800000, 0x00000000a8500000, 0x00000000e1800000)
  object space 62464K, 32% used [0x00000000a4800000,0x00000000a5bbf118,0x00000000a8500000)
 PSPermGen       total 39936K, used 39489K [0x000000009a200000, 0x000000009c900000, 0x00000000a4800000)
  object space 39936K, 98% used [0x000000009a200000,0x000000009c8905d8,0x000000009c900000)

Deoptimization events (10 events):
Event: 42.351 Thread 0x00007fb4fc029000 Uncommon trap: reason=class_check action=maybe_recompile pc=0x00007fb544ab9b50 method=java.util.zip.InflaterInputStream.read([BII)I @ 100
Event: 42.423 Thread 0x00007fb4fc029000 Uncommon trap: reason=class_check action=maybe_recompile pc=0x00007fb544b71618 method=java.io.ObjectInputStream$PeekInputStream.peek()I @ 19
Event: 43.378 Thread 0x00007fb548fae800 Uncommon trap: reason=class_check action=maybe_recompile pc=0x00007fb544b12098 method=scala.collection.mutable.ResizableArray$class.length(Lscala/collection/mutable/ResizableArray;)I @ 1
Event: 43.378 Thread 0x00007fb548fae800 Uncommon trap: reason=class_check action=maybe_recompile pc=0x00007fb544b8e108 method=scala.collection.mutable.ResizableArray$class.apply(Lscala/collection/mutable/ResizableArray;I)Ljava/lang/Object; @ 2
Event: 43.378 Thread 0x00007fb548fae800 Uncommon trap: reason=class_check action=maybe_recompile pc=0x00007fb544b8e108 method=scala.collection.mutable.ResizableArray$class.apply(Lscala/collection/mutable/ResizableArray;I)Ljava/lang/Object; @ 2
Event: 43.378 Thread 0x00007fb548fae800 Uncommon trap: reason=class_check action=maybe_recompile pc=0x00007fb544b8e108 method=scala.collection.mutable.ResizableArray$class.apply(Lscala/collection/mutable/ResizableArray;I)Ljava/lang/Object; @ 2
Event: 43.378 Thread 0x00007fb548fae800 Uncommon trap: reason=class_check action=maybe_recompile pc=0x00007fb544b8e108 method=scala.collection.mutable.ResizableArray$class.apply(Lscala/collection/mutable/ResizableArray;I)Ljava/lang/Object; @ 2
Event: 43.378 Thread 0x00007fb548fae800 Uncommon trap: reason=class_check action=maybe_recompile pc=0x00007fb544b12098 method=scala.collection.mutable.ResizableArray$class.length(Lscala/collection/mutable/ResizableArray;)I @ 1
Event: 43.470 Thread 0x00007fb548fae800 Uncommon trap: reason=unreached action=reinterpret pc=0x00007fb544aca234 method=java.lang.Integer.parseInt(Ljava/lang/String;I)I @ 1
Event: 43.487 Thread 0x00007fb548fae800 Uncommon trap: reason=class_check action=maybe_recompile pc=0x00007fb544b12098 method=scala.collection.mutable.ResizableArray$class.length(Lscala/collection/mutable/ResizableArray;)I @ 1

Internal exceptions (10 events):
Event: 43.468 Thread 0x00007fb548fae800 Threw 0x00000000e3fb0aa0 at /build/buildd/openjdk-7-7u79-2.5.5/build/openjdk/hotspot/src/share/vm/prims/jvm.cpp:1284
Event: 43.469 Thread 0x00007fb548fae800 Threw 0x00000000e3fbc7c8 at /build/buildd/openjdk-7-7u79-2.5.5/build/openjdk/hotspot/src/share/vm/prims/jvm.cpp:1284
Event: 43.470 Thread 0x00007fb548fae800 Threw 0x00000000e3fc8120 at /build/buildd/openjdk-7-7u79-2.5.5/build/openjdk/hotspot/src/share/vm/prims/jvm.cpp:1284
Event: 43.470 Thread 0x00007fb548fae800 Implicit null exception at 0x00007fb544ac9cb1 to 0x00007fb544aca21d
Event: 43.471 Thread 0x00007fb548fae800 Threw 0x00000000e4173568 at /build/buildd/openjdk-7-7u79-2.5.5/build/openjdk/hotspot/src/share/vm/prims/jvm.cpp:1284
Event: 43.472 Thread 0x00007fb548fae800 Threw 0x00000000e417ff48 at /build/buildd/openjdk-7-7u79-2.5.5/build/openjdk/hotspot/src/share/vm/prims/jvm.cpp:1284
Event: 43.473 Thread 0x00007fb548fae800 Threw 0x00000000e418c760 at /build/buildd/openjdk-7-7u79-2.5.5/build/openjdk/hotspot/src/share/vm/prims/jvm.cpp:1284
Event: 43.474 Thread 0x00007fb548fae800 Threw 0x00000000e419aa50 at /build/buildd/openjdk-7-7u79-2.5.5/build/openjdk/hotspot/src/share/vm/prims/jvm.cpp:1284
Event: 43.485 Thread 0x00007fb548fae800 Threw 0x00000000e41b1e20 at /build/buildd/openjdk-7-7u79-2.5.5/build/openjdk/hotspot/src/share/vm/prims/jvm.cpp:1284
Event: 43.488 Thread 0x00007fb548fae800 Threw 0x00000000e41b6790 at /build/buildd/openjdk-7-7u79-2.5.5/build/openjdk/hotspot/src/share/vm/prims/jvm.cpp:1284

Events (10 events):
Event: 43.474 loading class 0x00007fb5080058a0 done
Event: 43.485 Thread 0x00007fb508003800 Thread added: 0x00007fb508003800
Event: 43.485 loading class 0x00007fb548fa6f70
Event: 43.485 loading class 0x00007fb548fa6f70 done
Event: 43.487 Thread 0x00007fb548fae800 Uncommon trap: trap_request=0xffffffde fr.pc=0x00007fb544b12098
Event: 43.487 Thread 0x00007fb548fae800 DEOPT PACKING pc=0x00007fb544b12098 sp=0x00007fb50dbda310
Event: 43.488 Thread 0x00007fb548fae800 DEOPT UNPACKING pc=0x00007fb544a18445 sp=0x00007fb50dbda2c8 mode 2
Event: 43.488 loading class 0x00007fb548fa6fc0
Event: 43.488 loading class 0x00007fb548fa6fc0 done
Event: 43.777 Executing VM operation: ParallelGCFailedAllocation


Dynamic libraries:
00400000-00401000 r-xp 00000000 08:07 7209658                            /usr/lib/jvm/java-7-openjdk-amd64/jre/bin/java
00600000-00601000 r--p 00000000 08:07 7209658                            /usr/lib/jvm/java-7-openjdk-amd64/jre/bin/java
00601000-00602000 rw-p 00001000 08:07 7209658                            /usr/lib/jvm/java-7-openjdk-amd64/jre/bin/java
01a05000-01a26000 rw-p 00000000 00:00 0                                  [heap]
9a200000-9c900000 rw-p 00000000 00:00 0 
9c900000-a4800000 rw-p 00000000 00:00 0 
a4800000-a8500000 rw-p 00000000 00:00 0 
a8500000-e1800000 rw-p 00000000 00:00 0 
e1800000-ef600000 rw-p 00000000 00:00 0 
fbd00000-100000000 rw-p 00000000 00:00 0 
7fb4bc000000-7fb4bc021000 rw-p 00000000 00:00 0 
7fb4bc021000-7fb4c0000000 ---p 00000000 00:00 0 
7fb4c4000000-7fb4c4021000 rw-p 00000000 00:00 0 
7fb4c4021000-7fb4c8000000 ---p 00000000 00:00 0 
7fb4c8000000-7fb4c8021000 rw-p 00000000 00:00 0 
7fb4c8021000-7fb4cc000000 ---p 00000000 00:00 0 
7fb4cc000000-7fb4cc021000 rw-p 00000000 00:00 0 
7fb4cc021000-7fb4d0000000 ---p 00000000 00:00 0 
7fb4d0000000-7fb4d0021000 rw-p 00000000 00:00 0 
7fb4d0021000-7fb4d4000000 ---p 00000000 00:00 0 
7fb4d4000000-7fb4d4021000 rw-p 00000000 00:00 0 
7fb4d4021000-7fb4d8000000 ---p 00000000 00:00 0 
7fb4d8000000-7fb4d8021000 rw-p 00000000 00:00 0 
7fb4d8021000-7fb4dc000000 ---p 00000000 00:00 0 
7fb4dc000000-7fb4dc021000 rw-p 00000000 00:00 0 
7fb4dc021000-7fb4e0000000 ---p 00000000 00:00 0 
7fb4e0000000-7fb4e0021000 rw-p 00000000 00:00 0 
7fb4e0021000-7fb4e4000000 ---p 00000000 00:00 0 
7fb4e4000000-7fb4e4021000 rw-p 00000000 00:00 0 
7fb4e4021000-7fb4e8000000 ---p 00000000 00:00 0 
7fb4e8000000-7fb4e8021000 rw-p 00000000 00:00 0 
7fb4e8021000-7fb4ec000000 ---p 00000000 00:00 0 
7fb4ec000000-7fb4ec146000 rw-p 00000000 00:00 0 
7fb4ec146000-7fb4f0000000 ---p 00000000 00:00 0 
7fb4f0000000-7fb4f0021000 rw-p 00000000 00:00 0 
7fb4f0021000-7fb4f4000000 ---p 00000000 00:00 0 
7fb4f4000000-7fb4f40ae000 rw-p 00000000 00:00 0 
7fb4f40ae000-7fb4f8000000 ---p 00000000 00:00 0 
7fb4f8000000-7fb4f8026000 rw-p 00000000 00:00 0 
7fb4f8026000-7fb4fc000000 ---p 00000000 00:00 0 
7fb4fc000000-7fb4fc036000 rw-p 00000000 00:00 0 
7fb4fc036000-7fb500000000 ---p 00000000 00:00 0 
7fb500000000-7fb500021000 rw-p 00000000 00:00 0 
7fb500021000-7fb504000000 ---p 00000000 00:00 0 
7fb504000000-7fb504021000 rw-p 00000000 00:00 0 
7fb504021000-7fb508000000 ---p 00000000 00:00 0 
7fb508000000-7fb508021000 rw-p 00000000 00:00 0 
7fb508021000-7fb50c000000 ---p 00000000 00:00 0 
7fb50d182000-7fb50d185000 ---p 00000000 00:00 0 
7fb50d185000-7fb50d283000 rw-p 00000000 00:00 0                          [stack:21625]
7fb50d283000-7fb50d286000 ---p 00000000 00:00 0 
7fb50d286000-7fb50d384000 rw-p 00000000 00:00 0                          [stack:21624]
7fb50d384000-7fb50d387000 ---p 00000000 00:00 0 
7fb50d387000-7fb50d485000 rw-p 00000000 00:00 0                          [stack:21623]
7fb50d485000-7fb50d488000 ---p 00000000 00:00 0 
7fb50d488000-7fb50d586000 rw-p 00000000 00:00 0                          [stack:21622]
7fb50d586000-7fb50d589000 ---p 00000000 00:00 0 
7fb50d589000-7fb50d687000 rw-p 00000000 00:00 0                          [stack:21621]
7fb50d687000-7fb50d68a000 ---p 00000000 00:00 0 
7fb50d68a000-7fb50d788000 rw-p 00000000 00:00 0                          [stack:21620]
7fb50d788000-7fb50d7c5000 r-xp 00000000 08:07 4719215                    /tmp/snappy-unknown-06681d3c-6b3e-447d-a877-4a88d7b8ba68-libsnappyjava.so
7fb50d7c5000-7fb50d9c5000 ---p 0003d000 08:07 4719215                    /tmp/snappy-unknown-06681d3c-6b3e-447d-a877-4a88d7b8ba68-libsnappyjava.so
7fb50d9c5000-7fb50d9c8000 rw-p 0003d000 08:07 4719215                    /tmp/snappy-unknown-06681d3c-6b3e-447d-a877-4a88d7b8ba68-libsnappyjava.so
7fb50d9c8000-7fb50d9da000 rw-p 00000000 00:00 0 
7fb50d9da000-7fb50d9dd000 ---p 00000000 00:00 0 
7fb50d9dd000-7fb50dadb000 rw-p 00000000 00:00 0                          [stack:21616]
7fb50dadb000-7fb50dade000 ---p 00000000 00:00 0 
7fb50dade000-7fb50dbdc000 rw-p 00000000 00:00 0                          [stack:21615]
7fb50dbdc000-7fb50dbdf000 ---p 00000000 00:00 0 
7fb50dbdf000-7fb50dcdd000 rw-p 00000000 00:00 0                          [stack:21614]
7fb50dcdd000-7fb50dce0000 ---p 00000000 00:00 0 
7fb50dce0000-7fb50ddde000 rw-p 00000000 00:00 0                          [stack:21608]
7fb50ddde000-7fb50dde1000 ---p 00000000 00:00 0 
7fb50dde1000-7fb50dedf000 rw-p 00000000 00:00 0                          [stack:21607]
7fb50dedf000-7fb50dee2000 ---p 00000000 00:00 0 
7fb50dee2000-7fb50dfe0000 rw-p 00000000 00:00 0                          [stack:21602]
7fb50dfe0000-7fb50dfe3000 ---p 00000000 00:00 0 
7fb50dfe3000-7fb50e0e1000 rw-p 00000000 00:00 0                          [stack:21601]
7fb50e0e1000-7fb50e0e4000 ---p 00000000 00:00 0 
7fb50e0e4000-7fb50e1e2000 rw-p 00000000 00:00 0                          [stack:21600]
7fb50e1e2000-7fb50e1e5000 ---p 00000000 00:00 0 
7fb50e1e5000-7fb50e2e3000 rw-p 00000000 00:00 0                          [stack:21599]
7fb50e2e3000-7fb50e2e6000 ---p 00000000 00:00 0 
7fb50e2e6000-7fb50e3e4000 rw-p 00000000 00:00 0                          [stack:21598]
7fb50e3e4000-7fb50e3e7000 ---p 00000000 00:00 0 
7fb50e3e7000-7fb50e4e5000 rw-p 00000000 00:00 0                          [stack:21597]
7fb50e4e5000-7fb50e4e8000 ---p 00000000 00:00 0 
7fb50e4e8000-7fb50e5e6000 rw-p 00000000 00:00 0                          [stack:21596]
7fb50e5e6000-7fb50e5e9000 ---p 00000000 00:00 0 
7fb50e5e9000-7fb50e6e7000 rw-p 00000000 00:00 0                          [stack:21595]
7fb50e6e7000-7fb50e6ea000 ---p 00000000 00:00 0 
7fb50e6ea000-7fb50e7e8000 rw-p 00000000 00:00 0                          [stack:21594]
7fb50e7e8000-7fb50e7eb000 ---p 00000000 00:00 0 
7fb50e7eb000-7fb50e8e9000 rw-p 00000000 00:00 0                          [stack:21593]
7fb50e8e9000-7fb50e8ec000 ---p 00000000 00:00 0 
7fb50e8ec000-7fb50e9ea000 rw-p 00000000 00:00 0                          [stack:21592]
7fb50e9ea000-7fb50e9ed000 ---p 00000000 00:00 0 
7fb50e9ed000-7fb50eaeb000 rw-p 00000000 00:00 0                          [stack:21591]
7fb50eaeb000-7fb50eaee000 ---p 00000000 00:00 0 
7fb50eaee000-7fb50ebec000 rw-p 00000000 00:00 0                          [stack:21590]
7fb50ebec000-7fb50ebef000 ---p 00000000 00:00 0 
7fb50ebef000-7fb50eced000 rw-p 00000000 00:00 0                          [stack:21589]
7fb50eced000-7fb50ecf0000 ---p 00000000 00:00 0 
7fb50ecf0000-7fb50edee000 rw-p 00000000 00:00 0                          [stack:21588]
7fb50edee000-7fb50edf1000 ---p 00000000 00:00 0 
7fb50edf1000-7fb50eeef000 rw-p 00000000 00:00 0                          [stack:21587]
7fb50eeef000-7fb50eef2000 ---p 00000000 00:00 0 
7fb50eef2000-7fb50eff0000 rw-p 00000000 00:00 0                          [stack:21586]
7fb50eff0000-7fb50eff3000 ---p 00000000 00:00 0 
7fb50eff3000-7fb50f0f1000 rw-p 00000000 00:00 0                          [stack:21585]
7fb50f0f1000-7fb50f0f4000 ---p 00000000 00:00 0 
7fb50f0f4000-7fb50f1f2000 rw-p 00000000 00:00 0                          [stack:21584]
7fb50f1f2000-7fb50f1f5000 ---p 00000000 00:00 0 
7fb50f1f5000-7fb50f2f3000 rw-p 00000000 00:00 0                          [stack:21583]
7fb50f2f3000-7fb50f2f6000 ---p 00000000 00:00 0 
7fb50f2f6000-7fb50f3f4000 rw-p 00000000 00:00 0                          [stack:21582]
7fb50f3f4000-7fb50f3f7000 ---p 00000000 00:00 0 
7fb50f3f7000-7fb50f4f5000 rw-p 00000000 00:00 0                          [stack:21581]
7fb50f4f5000-7fb50f4f8000 ---p 00000000 00:00 0 
7fb50f4f8000-7fb50f5f6000 rw-p 00000000 00:00 0                          [stack:21580]
7fb50f5f6000-7fb50f5f9000 ---p 00000000 00:00 0 
7fb50f5f9000-7fb50f6f7000 rw-p 00000000 00:00 0                          [stack:21579]
7fb50f6f7000-7fb50f6fa000 ---p 00000000 00:00 0 
7fb50f6fa000-7fb50f7f8000 rw-p 00000000 00:00 0                          [stack:21578]
7fb50f7f8000-7fb50f7fb000 ---p 00000000 00:00 0 
7fb50f7fb000-7fb50f8f9000 rw-p 00000000 00:00 0                          [stack:21577]
7fb50f8f9000-7fb50f8fc000 ---p 00000000 00:00 0 
7fb50f8fc000-7fb50f9fa000 rw-p 00000000 00:00 0                          [stack:21576]
7fb50f9fa000-7fb50f9fd000 ---p 00000000 00:00 0 
7fb50f9fd000-7fb50fafb000 rw-p 00000000 00:00 0                          [stack:21575]
7fb50fafb000-7fb50fafe000 ---p 00000000 00:00 0 
7fb50fafe000-7fb50fbfc000 rw-p 00000000 00:00 0                          [stack:21574]
7fb50fbfc000-7fb50fbff000 ---p 00000000 00:00 0 
7fb50fbff000-7fb50fcfd000 rw-p 00000000 00:00 0                          [stack:21573]
7fb50fcfd000-7fb50fd00000 ---p 00000000 00:00 0 
7fb50fd00000-7fb50fdfe000 rw-p 00000000 00:00 0                          [stack:21572]
7fb50fdfe000-7fb50fe01000 ---p 00000000 00:00 0 
7fb50fe01000-7fb50feff000 rw-p 00000000 00:00 0                          [stack:21571]
7fb50feff000-7fb50ff02000 ---p 00000000 00:00 0 
7fb50ff02000-7fb510000000 rw-p 00000000 00:00 0                          [stack:21570]
7fb510000000-7fb51109a000 rw-p 00000000 00:00 0 
7fb51109a000-7fb514000000 ---p 00000000 00:00 0 
7fb514000000-7fb514028000 rw-p 00000000 00:00 0 
7fb514028000-7fb518000000 ---p 00000000 00:00 0 
7fb518000000-7fb518021000 rw-p 00000000 00:00 0 
7fb518021000-7fb51c000000 ---p 00000000 00:00 0 
7fb51c000000-7fb51ccdd000 rw-p 00000000 00:00 0 
7fb51ccdd000-7fb520000000 ---p 00000000 00:00 0 
7fb520000000-7fb520021000 rw-p 00000000 00:00 0 
7fb520021000-7fb524000000 ---p 00000000 00:00 0 
7fb524000000-7fb524021000 rw-p 00000000 00:00 0 
7fb524021000-7fb528000000 ---p 00000000 00:00 0 
7fb528000000-7fb528330000 rw-p 00000000 00:00 0 
7fb528330000-7fb52c000000 ---p 00000000 00:00 0 
7fb52c000000-7fb52c021000 rw-p 00000000 00:00 0 
7fb52c021000-7fb530000000 ---p 00000000 00:00 0 
7fb5300b9000-7fb5300bc000 ---p 00000000 00:00 0 
7fb5300bc000-7fb5300f2000 rw-p 00000000 00:00 0                          [stack:21611]
7fb5300f2000-7fb5300f3000 r-xp 00000000 08:07 7209764                    /usr/lib/jvm/java-7-openjdk-amd64/jre/lib/amd64/libjaas_unix.so
7fb5300f3000-7fb5302f2000 ---p 00001000 08:07 7209764                    /usr/lib/jvm/java-7-openjdk-amd64/jre/lib/amd64/libjaas_unix.so
7fb5302f2000-7fb5302f3000 r--p 00000000 08:07 7209764                    /usr/lib/jvm/java-7-openjdk-amd64/jre/lib/amd64/libjaas_unix.so
7fb5302f3000-7fb5302f4000 rw-p 00001000 08:07 7209764                    /usr/lib/jvm/java-7-openjdk-amd64/jre/lib/amd64/libjaas_unix.so
7fb5302f4000-7fb5302fc000 r-xp 00000000 08:07 7209778                    /usr/lib/jvm/java-7-openjdk-amd64/jre/lib/amd64/libmanagement.so
7fb5302fc000-7fb5304fb000 ---p 00008000 08:07 7209778                    /usr/lib/jvm/java-7-openjdk-amd64/jre/lib/amd64/libmanagement.so
7fb5304fb000-7fb5304fc000 r--p 00007000 08:07 7209778                    /usr/lib/jvm/java-7-openjdk-amd64/jre/lib/amd64/libmanagement.so
7fb5304fc000-7fb5304fd000 rw-p 00008000 08:07 7209778                    /usr/lib/jvm/java-7-openjdk-amd64/jre/lib/amd64/libmanagement.so
7fb5304fd000-7fb530502000 r-xp 00000000 08:07 1056501                    /lib/x86_64-linux-gnu/libnss_dns-2.19.so
7fb530502000-7fb530701000 ---p 00005000 08:07 1056501                    /lib/x86_64-linux-gnu/libnss_dns-2.19.so
7fb530701000-7fb530702000 r--p 00004000 08:07 1056501                    /lib/x86_64-linux-gnu/libnss_dns-2.19.so
7fb530702000-7fb530703000 rw-p 00005000 08:07 1056501                    /lib/x86_64-linux-gnu/libnss_dns-2.19.so
7fb530703000-7fb530705000 r-xp 00000000 08:07 1052676                    /lib/x86_64-linux-gnu/libnss_mdns4_minimal.so.2
7fb530705000-7fb530904000 ---p 00002000 08:07 1052676                    /lib/x86_64-linux-gnu/libnss_mdns4_minimal.so.2
7fb530904000-7fb530905000 r--p 00001000 08:07 1052676                    /lib/x86_64-linux-gnu/libnss_mdns4_minimal.so.2
7fb530905000-7fb530906000 rw-p 00002000 08:07 1052676                    /lib/x86_64-linux-gnu/libnss_mdns4_minimal.so.2
7fb530906000-7fb530943000 r-xp 00000000 08:07 1052698                    /lib/x86_64-linux-gnu/libpcre.so.3.13.1
7fb530943000-7fb530b42000 ---p 0003d000 08:07 1052698                    /lib/x86_64-linux-gnu/libpcre.so.3.13.1
7fb530b42000-7fb530b43000 r--p 0003c000 08:07 1052698                    /lib/x86_64-linux-gnu/libpcre.so.3.13.1
7fb530b43000-7fb530b44000 rw-p 0003d000 08:07 1052698                    /lib/x86_64-linux-gnu/libpcre.so.3.13.1
7fb530b44000-7fb530b4b000 r-xp 00000000 08:07 7086348                    /usr/lib/x86_64-linux-gnu/libffi.so.6.0.1
7fb530b4b000-7fb530d4a000 ---p 00007000 08:07 7086348                    /usr/lib/x86_64-linux-gnu/libffi.so.6.0.1
7fb530d4a000-7fb530d4b000 r--p 00006000 08:07 7086348                    /usr/lib/x86_64-linux-gnu/libffi.so.6.0.1
7fb530d4b000-7fb530d4c000 rw-p 00007000 08:07 7086348                    /usr/lib/x86_64-linux-gnu/libffi.so.6.0.1
7fb530d4c000-7fb530d63000 r-xp 00000000 08:07 1056497                    /lib/x86_64-linux-gnu/libresolv-2.19.so
7fb530d63000-7fb530f63000 ---p 00017000 08:07 1056497                    /lib/x86_64-linux-gnu/libresolv-2.19.so
7fb530f63000-7fb530f64000 r--p 00017000 08:07 1056497                    /lib/x86_64-linux-gnu/libresolv-2.19.so
7fb530f64000-7fb530f65000 rw-p 00018000 08:07 1056497                    /lib/x86_64-linux-gnu/libresolv-2.19.so
7fb530f65000-7fb530f67000 rw-p 00000000 00:00 0 
7fb530f67000-7fb530f87000 r-xp 00000000 08:07 1052725                    /lib/x86_64-linux-gnu/libselinux.so.1
7fb530f87000-7fb531186000 ---p 00020000 08:07 1052725                    /lib/x86_64-linux-gnu/libselinux.so.1
7fb531186000-7fb531187000 r--p 0001f000 08:07 1052725                    /lib/x86_64-linux-gnu/libselinux.so.1
7fb531187000-7fb531188000 rw-p 00020000 08:07 1052725                    /lib/x86_64-linux-gnu/libselinux.so.1
7fb531188000-7fb53118a000 rw-p 00000000 00:00 0 
7fb53118a000-7fb53118d000 r-xp 00000000 08:07 7078252                    /usr/lib/x86_64-linux-gnu/libgmodule-2.0.so.0.4002.0
7fb53118d000-7fb53138c000 ---p 00003000 08:07 7078252                    /usr/lib/x86_64-linux-gnu/libgmodule-2.0.so.0.4002.0
7fb53138c000-7fb53138d000 r--p 00002000 08:07 7078252                    /usr/lib/x86_64-linux-gnu/libgmodule-2.0.so.0.4002.0
7fb53138d000-7fb53138e000 rw-p 00003000 08:07 7078252                    /usr/lib/x86_64-linux-gnu/libgmodule-2.0.so.0.4002.0
7fb53138e000-7fb531494000 r-xp 00000000 08:07 1052535                    /lib/x86_64-linux-gnu/libglib-2.0.so.0.4002.0
7fb531494000-7fb531693000 ---p 00106000 08:07 1052535                    /lib/x86_64-linux-gnu/libglib-2.0.so.0.4002.0
7fb531693000-7fb531694000 r--p 00105000 08:07 1052535                    /lib/x86_64-linux-gnu/libglib-2.0.so.0.4002.0
7fb531694000-7fb531695000 rw-p 00106000 08:07 1052535                    /lib/x86_64-linux-gnu/libglib-2.0.so.0.4002.0
7fb531695000-7fb531696000 rw-p 00000000 00:00 0 
7fb531696000-7fb5316e5000 r-xp 00000000 08:07 7078270                    /usr/lib/x86_64-linux-gnu/libgobject-2.0.so.0.4002.0
7fb5316e5000-7fb5318e5000 ---p 0004f000 08:07 7078270                    /usr/lib/x86_64-linux-gnu/libgobject-2.0.so.0.4002.0
7fb5318e5000-7fb5318e6000 r--p 0004f000 08:07 7078270                    /usr/lib/x86_64-linux-gnu/libgobject-2.0.so.0.4002.0
7fb5318e6000-7fb5318e7000 rw-p 00050000 08:07 7078270                    /usr/lib/x86_64-linux-gnu/libgobject-2.0.so.0.4002.0
7fb5318e7000-7fb531a53000 r-xp 00000000 08:07 7078274                    /usr/lib/x86_64-linux-gnu/libgio-2.0.so.0.4002.0
7fb531a53000-7fb531c52000 ---p 0016c000 08:07 7078274                    /usr/lib/x86_64-linux-gnu/libgio-2.0.so.0.4002.0
7fb531c52000-7fb531c56000 r--p 0016b000 08:07 7078274                    /usr/lib/x86_64-linux-gnu/libgio-2.0.so.0.4002.0
7fb531c56000-7fb531c58000 rw-p 0016f000 08:07 7078274                    /usr/lib/x86_64-linux-gnu/libgio-2.0.so.0.4002.0
7fb531c58000-7fb531c5a000 rw-p 00000000 00:00 0 
7fb531c66000-7fb531c67000 rw-p 00000000 00:00 0 
7fb531c67000-7fb531c6a000 r--s 00017000 08:07 7209833                    /usr/lib/jvm/java-7-openjdk-amd64/jre/lib/jce.jar
7fb531c6a000-7fb531c74000 r--s 000ae000 08:07 7209759                    /usr/lib/jvm/java-7-openjdk-amd64/jre/lib/resources.jar
7fb531c74000-7fb531c79000 r--s 0004d000 08:07 7209830                    /usr/lib/jvm/java-7-openjdk-amd64/jre/lib/jsse.jar
7fb531c79000-7fb531c90000 r-xp 00000000 08:07 7209796                    /usr/lib/jvm/java-7-openjdk-amd64/jre/lib/amd64/libnet.so
7fb531c90000-7fb531e8f000 ---p 00017000 08:07 7209796                    /usr/lib/jvm/java-7-openjdk-amd64/jre/lib/amd64/libnet.so
7fb531e8f000-7fb531e90000 r--p 00016000 08:07 7209796                    /usr/lib/jvm/java-7-openjdk-amd64/jre/lib/amd64/libnet.so
7fb531e90000-7fb531e91000 rw-p 00017000 08:07 7209796                    /usr/lib/jvm/java-7-openjdk-amd64/jre/lib/amd64/libnet.so
7fb531e91000-7fb531ea1000 r-xp 00000000 08:07 7209779                    /usr/lib/jvm/java-7-openjdk-amd64/jre/lib/amd64/libnio.so
7fb531ea1000-7fb5320a1000 ---p 00010000 08:07 7209779                    /usr/lib/jvm/java-7-openjdk-amd64/jre/lib/amd64/libnio.so
7fb5320a1000-7fb5320a2000 r--p 00010000 08:07 7209779                    /usr/lib/jvm/java-7-openjdk-amd64/jre/lib/amd64/libnio.so
7fb5320a2000-7fb5320a3000 rw-p 00011000 08:07 7209779                    /usr/lib/jvm/java-7-openjdk-amd64/jre/lib/amd64/libnio.so
7fb5320a3000-7fb5320a5000 r--s 00012000 08:07 2758724                    /home/system/.m2/repository/org/spire-math/spire-macros_2.10/0.7.4/spire-macros_2.10-0.7.4.jar
7fb5320a5000-7fb5320f9000 r--s 00697000 08:07 1324309                    /home/system/.m2/repository/org/spire-math/spire_2.10/0.7.4/spire_2.10-0.7.4.jar
7fb5320f9000-7fb532104000 r--s 000b0000 08:07 1841027                    /home/system/.m2/repository/com/github/rwl/jtransforms/2.4.0/jtransforms-2.4.0.jar
7fb532104000-7fb532105000 r--s 00004000 08:07 3151978                    /home/system/.m2/repository/net/sf/opencsv/opencsv/2.3/opencsv-2.3.jar
7fb532105000-7fb532117000 r--s 00112000 08:07 3151977                    /home/system/.m2/repository/net/sourceforge/f2j/arpack_combined_all/0.1/arpack_combined_all-0.1.jar
7fb532117000-7fb532119000 r--s 00027000 08:07 1709390                    /home/system/.m2/repository/com/github/fommil/netlib/core/1.1.2/core-1.1.2.jar
7fb532119000-7fb53211b000 r--s 0001b000 08:07 1324308                    /home/system/.m2/repository/org/scalanlp/breeze-macros_2.10/0.11.2/breeze-macros_2.10-0.11.2.jar
7fb53211b000-7fb5321f0000 r--s 00c3a000 08:07 399598                     /home/system/.m2/repository/org/scalanlp/breeze_2.10/0.11.2/breeze_2.10-0.11.2.jar
7fb5321f0000-7fb5321f3000 r--s 00721000 08:07 399567                     /home/system/.m2/repository/org/jblas/jblas/1.2.3/jblas-1.2.3.jar
7fb5321f3000-7fb532200000 r--s 0008f000 08:07 1186560                    /home/system/.m2/repository/org/apache/spark/spark-graphx_2.10/1.3.1/spark-graphx_2.10-1.3.1.jar
7fb532200000-7fb532205000 r--s 00058000 08:07 2758723                    /home/system/.m2/repository/org/jodd/jodd-core/3.6.3/jodd-core-3.6.3.jar
7fb532205000-7fb532218000 r--s 000e9000 08:07 2494030                    /home/system/.m2/repository/com/twitter/parquet-jackson/1.6.0rc3/parquet-jackson-1.6.0rc3.jar
7fb532218000-7fb53221f000 r--s 00055000 08:07 2363825                    /home/system/.m2/repository/com/twitter/parquet-format/2.2.0-rc1/parquet-format-2.2.0-rc1.jar
7fb53221f000-7fb532223000 r--s 0002c000 08:07 2233551                    /home/system/.m2/repository/com/twitter/parquet-hadoop/1.6.0rc3/parquet-hadoop-1.6.0rc3.jar
7fb532223000-7fb532224000 r--s 00003000 08:07 1969623                    /home/system/.m2/repository/com/twitter/parquet-generator/1.6.0rc3/parquet-generator-1.6.0rc3.jar
7fb532224000-7fb53222a000 r--s 0003d000 08:07 1841050                    /home/system/.m2/repository/com/twitter/parquet-encoding/1.6.0rc3/parquet-encoding-1.6.0rc3.jar
7fb53222a000-7fb53222b000 r--s 00003000 08:07 1709405                    /home/system/.m2/repository/com/twitter/parquet-common/1.6.0rc3/parquet-common-1.6.0rc3.jar
7fb53222b000-7fb53223f000 r--s 000c0000 08:07 1444915                    /home/system/.m2/repository/com/twitter/parquet-column/1.6.0rc3/parquet-column-1.6.0rc3.jar
7fb53223f000-7fb53224b000 r--s 000a4000 08:07 2758722                    /home/system/.m2/repository/org/scalamacros/quasiquotes_2.10/2.0.1/quasiquotes_2.10-2.0.1.jar
7fb53224b000-7fb532288000 r--s 00282000 08:07 1056776                    /home/system/.m2/repository/org/apache/spark/spark-catalyst_2.10/1.3.1/spark-catalyst_2.10-1.3.1.jar
7fb532288000-7fb5322b1000 r--s 00204000 08:07 936065                     /home/system/.m2/repository/org/apache/spark/spark-sql_2.10/1.3.1/spark-sql_2.10-1.3.1.jar
7fb5322b1000-7fb5322cf000 r--s 00124000 08:07 816332                     /home/system/.m2/repository/org/apache/spark/spark-streaming_2.10/1.3.1/spark-streaming_2.10-1.3.1.jar
7fb5322cf000-7fb5322fd000 r--s 0020b000 08:07 936064                     /home/system/.m2/repository/org/apache/spark/spark-mllib_2.10/1.3.1/spark-mllib_2.10-1.3.1.jar
7fb5322fd000-7fb5322ff000 r--s 00009000 08:07 1059727                    /home/system/.m2/repository/commons-cli/commons-cli/1.2/commons-cli-1.2.jar
7fb5322ff000-7fb532301000 r--s 00005000 08:07 3022290                    /home/system/.m2/repository/org/apache/mahout/mahout-hdfs/0.10.0/mahout-hdfs-0.10.0.jar
7fb532301000-7fb53230b000 r--s 0005f000 08:07 3022283                    /home/system/.m2/repository/org/apache/mahout/mahout-spark_2.10/0.10.0/mahout-spark_2.10-0.10.0.jar
7fb53230b000-7fb53230c000 r--s 00002000 08:07 3151699                    /home/system/.m2/repository/org/apache/mahout/mahout-eclipse-support/0.5/mahout-eclipse-support-0.5.jar
7fb53230c000-7fb53230d000 r--s 0000e000 08:07 3022286                    /home/system/.m2/repository/com/tdunning/t-digest/3.1/t-digest-3.1.jar
7fb53230d000-7fb532332000 r--s 0016c000 08:07 3022285                    /home/system/.m2/repository/org/apache/mahout/mahout-math/0.10.0/mahout-math-0.10.0.jar
7fb532332000-7fb532335000 r--s 00019000 08:07 2363509                    /home/system/.m2/repository/commons-el/commons-el/1.0/commons-el-1.0.jar
7fb532335000-7fb532339000 r--s 0002f000 08:07 2363377                    /home/system/.m2/repository/commons-beanutils/commons-beanutils-core/1.8.0/commons-beanutils-core-1.8.0.jar
7fb532339000-7fb53233e000 r--s 0002a000 08:07 2233230                    /home/system/.m2/repository/commons-beanutils/commons-beanutils/1.7.0/commons-beanutils-1.7.0.jar
7fb53233e000-7fb532342000 r--s 00020000 08:07 2233229                    /home/system/.m2/repository/commons-digester/commons-digester/1.8/commons-digester-1.8.jar
7fb532342000-7fb532350000 r--s 0007f000 08:07 2233228                    /home/system/.m2/repository/commons-collections/commons-collections/3.2.1/commons-collections-3.2.1.jar
7fb532350000-7fb532356000 r--s 00043000 08:07 2100231                    /home/system/.m2/repository/commons-configuration/commons-configuration/1.6/commons-configuration-1.6.jar
7fb532356000-7fb532367000 r--s 000bb000 08:07 815844                     /home/system/.m2/repository/org/apache/commons/commons-math/2.1/commons-math-2.1.jar
7fb532367000-7fb53236a000 r--s 00025000 08:07 2100228                    /home/system/.m2/repository/commons-io/commons-io/2.1/commons-io-2.1.jar
7fb53236a000-7fb53236b000 r--s 0000a000 08:07 2886687                    /home/system/.m2/repository/asm/asm/3.1/asm-3.1.jar
7fb53236b000-7fb53237c000 r--s 00099000 08:07 3151653                    /home/system/.m2/repository/com/sun/jersey/jersey-server/1.8/jersey-server-1.8.jar
7fb53237c000-7fb53237d000 r--s 00007000 08:07 1450042                    /home/system/.m2/repository/org/codehaus/jackson/jackson-xc/1.7.1/jackson-xc-1.7.1.jar
7fb53237d000-7fb53237f000 r--s 00003000 08:07 1189773                    /home/system/.m2/repository/org/codehaus/jackson/jackson-jaxrs/1.7.1/jackson-jaxrs-1.7.1.jar
7fb53237f000-7fb532381000 r--s 0000e000 08:07 2755978                    /home/system/.m2/repository/javax/activation/activation/1.1/activation-1.1.jar
7fb532381000-7fb532383000 r--s 00004000 08:07 3016392                    /home/system/.m2/repository/javax/xml/stream/stax-api/1.0-2/stax-api-1.0-2.jar
7fb532383000-7fb532386000 r--s 00017000 08:07 2886691                    /home/system/.m2/repository/javax/xml/bind/jaxb-api/2.2.2/jaxb-api-2.2.2.jar
7fb532386000-7fb532399000 r--s 000c7000 08:07 2363380                    /home/system/.m2/repository/com/sun/xml/bind/jaxb-impl/2.2.3-1/jaxb-impl-2.2.3-1.jar
7fb532399000-7fb53239b000 r--s 00005000 08:07 2886690                    /home/system/.m2/repository/stax/stax-api/1.0.1/stax-api-1.0.1.jar
7fb53239b000-7fb53239d000 r--s 0000f000 08:07 2755977                    /home/system/.m2/repository/org/codehaus/jettison/jettison/1.1/jettison-1.1.jar
7fb53239d000-7fb5323a1000 r--s 00021000 08:07 3151650                    /home/system/.m2/repository/com/sun/jersey/jersey-json/1.8/jersey-json-1.8.jar
7fb5323a1000-7fb5323ab000 r--s 00066000 08:07 3151649                    /home/system/.m2/repository/com/sun/jersey/jersey-core/1.8/jersey-core-1.8.jar
7fb5323ab000-7fb5323e5000 r--s 003c9000 08:07 3151648                    /home/system/.m2/repository/org/apache/hadoop/hadoop-core/1.2.1/hadoop-core-1.2.1.jar
7fb5323e5000-7fb5323e6000 r--s 00006000 08:07 3022299                    /home/system/.m2/repository/org/apache/solr/solr-commons-csv/3.5.0/solr-commons-csv-3.5.0.jar
7fb5323e6000-7fb5323e9000 r--s 00014000 08:07 3022298                    /home/system/.m2/repository/org/apache/mahout/commons/commons-cli/2.0-mahout/commons-cli-2.0-mahout.jar
7fb5323e9000-7fb5323fa000 r--s 00174000 08:07 3022280                    /home/system/.m2/repository/org/apache/lucene/lucene-analyzers-common/4.6.1/lucene-analyzers-common-4.6.1.jar
7fb5323fa000-7fb532421000 r--s 00217000 08:07 3022279                    /home/system/.m2/repository/org/apache/lucene/lucene-core/4.6.1/lucene-core-4.6.1.jar
7fb532421000-7fb532423000 r--s 00005000 08:07 3022278                    /home/system/.m2/repository/xpp3/xpp3_min/1.1.4c/xpp3_min-1.1.4c.jar
7fb532423000-7fb532430000 r--s 0006a000 08:07 3022293                    /home/system/.m2/repository/com/thoughtworks/xstream/xstream/1.4.4/xstream-1.4.4.jar
7fb532430000-7fb53243f000 r--s 000b0000 08:07 1450040                    /home/system/.m2/repository/org/codehaus/jackson/jackson-mapper-asl/1.9.12/jackson-mapper-asl-1.9.12.jar
7fb53243f000-7fb532443000 r--s 00035000 08:07 1328585                    /home/system/.m2/repository/org/codehaus/jackson/jackson-core-asl/1.9.12/jackson-core-asl-1.9.12.jar
7fb532443000-7fb53245d000 r--s 0014d000 08:07 3151647                    /home/system/.m2/repository/org/apache/mahout/mahout-core/0.9/mahout-core-0.9.jar
7fb53245d000-7fb532470000 r--s 000be000 08:07 3022272                    /home/system/.m2/repository/org/scala-lang/scalap/2.10.4/scalap-2.10.4.jar
7fb532470000-7fb532478000 r--s 0006d000 08:07 3022288                    /home/system/.m2/repository/org/scala-lang/scala-actors/2.10.4/scala-actors-2.10.4.jar
7fb532478000-7fb5324ae000 r--s 002d9000 08:07 1969609                    /home/system/.m2/repository/org/scala-lang/scala-reflect/2.10.4/scala-reflect-2.10.4.jar
7fb5324ae000-7fb5325ab000 r--s 00cca000 08:07 1056777                    /home/system/.m2/repository/org/scala-lang/scala-compiler/2.10.4/scala-compiler-2.10.4.jar
7fb5325ab000-7fb5325af000 r--s 0001c000 08:07 3022287                    /home/system/.m2/repository/com/github/scopt/scopt_2.10/3.3.0/scopt_2.10-3.3.0.jar
7fb5325af000-7fb5325ba000 r--s 0007a000 08:07 3022263                    /home/system/.m2/repository/org/apache/mahout/mahout-math-scala_2.10/0.10.0/mahout-math-scala_2.10-0.10.0.jar
7fb5325ba000-7fb5325bc000 r--s 00008000 08:07 3152003                    /home/system/.m2/repository/gov/nist/math/jama/1.0.3/jama-1.0.3.jar
7fb5325bc000-7fb5325be000 r--s 0000f000 08:07 3014821                    /home/system/.m2/repository/org/spark-project/pyrolite/2.0.1/pyrolite-2.0.1.jar
7fb5325be000-7fb5325bf000 r--s 00001000 08:07 3022294                    /home/system/.m2/repository/xmlpull/xmlpull/1.1.3.1/xmlpull-1.1.3.1.jar
7fb5325bf000-7fb5325c2000 r--s 00018000 08:07 2100634                    /home/system/.m2/repository/org/fusesource/jansi/jansi/1.4/jansi-1.4.jar
7fb5325c2000-7fb5325c6000 r--s 00025000 08:07 3022315                    /home/system/.m2/repository/org/scala-lang/jline/2.10.4/jline-2.10.4.jar
7fb5325c6000-7fb5325cb000 r--s 00042000 08:07 2886713                    /home/system/.m2/repository/org/eclipse/jetty/jetty-util/8.1.14.v20131031/jetty-util-8.1.14.v20131031.jar
7fb5325cb000-7fb5325ce000 r--s 00017000 08:07 2886718                    /home/system/.m2/repository/org/eclipse/jetty/jetty-io/8.1.14.v20131031/jetty-io-8.1.14.v20131031.jar
7fb5325ce000-7fb5325d0000 r--s 00016000 08:07 2886717                    /home/system/.m2/repository/org/eclipse/jetty/jetty-http/8.1.14.v20131031/jetty-http-8.1.14.v20131031.jar
7fb5325d0000-7fb5325d2000 r--s 00004000 08:07 2886716                    /home/system/.m2/repository/org/eclipse/jetty/jetty-continuation/8.1.14.v20131031/jetty-continuation-8.1.14.v20131031.jar
7fb5325d2000-7fb5325d8000 r--s 00052000 08:07 2886714                    /home/system/.m2/repository/org/eclipse/jetty/jetty-server/8.1.14.v20131031/jetty-server-8.1.14.v20131031.jar
7fb5325d8000-7fb5325da000 r--s 00009000 08:07 1709445                    /home/system/.m2/repository/org/apache/spark/spark-bagel_2.10/1.1.1/spark-bagel_2.10-1.1.1.jar
7fb5325da000-7fb5325e8000 r--s 0008f000 08:07 1709444                    /home/system/.m2/repository/org/apache/spark/spark-repl_2.10/1.1.1/spark-repl_2.10-1.1.1.jar
7fb5325e8000-7fb532611000 r--s 001ee000 08:07 2233231                    /home/system/.m2/repository/com/google/guava/guava/14.0.1/guava-14.0.1.jar
7fb532611000-7fb532612000 r--s 00005000 08:07 3151785                    /home/system/.m2/repository/org/apache/mahout/mahout-spark-shell_2.10/0.10.0/mahout-spark-shell_2.10-0.10.0.jar
7fb532612000-7fb532613000 r--s 00000000 08:07 2886725                    /home/system/.m2/repository/org/spark-project/spark/unused/1.0.0/unused-1.0.0.jar
7fb532613000-7fb532615000 r--s 00012000 08:07 3014822                    /home/system/.m2/repository/net/sf/py4j/py4j/0.8.2.1/py4j-0.8.2.1.jar
7fb532615000-7fb532639000 r--s 001df000 08:07 3014820                    /home/system/.m2/repository/org/tachyonproject/tachyon/0.5.0/tachyon-0.5.0.jar
7fb532639000-7fb53263a000 r--s 00000000 08:07 3014819                    /home/system/.m2/repository/org/tachyonproject/tachyon-client/0.5.0/tachyon-client-0.5.0.jar
7fb53263a000-7fb53263c000 r--s 0000e000 08:07 6949950                    /home/system/.m2/repository/oro/oro/2.0.8/oro-2.0.8.jar
7fb53263c000-7fb532652000 r--s 00124000 08:07 1444897                    /home/system/.m2/repository/org/apache/ivy/ivy/2.4.0/ivy-2.4.0.jar
7fb532652000-7fb532654000 r--s 00007000 08:07 2233233                    /home/system/.m2/repository/com/thoughtworks/paranamer/paranamer/2.6/paranamer-2.6.jar
7fb532654000-7fb532664000 r--s 00077000 08:07 3152577                    /home/system/.m2/repository/com/fasterxml/jackson/module/jackson-module-scala_2.10/2.4.4/jackson-module-scala_2.10-2.4.4.jar
7fb532664000-7fb532668000 r--s 00034000 08:07 3152576                    /home/system/.m2/repository/com/fasterxml/jackson/core/jackson-core/2.4.4/jackson-core-2.4.4.jar
7fb532668000-7fb53266b000 r--s 00007000 08:07 3152575                    /home/system/.m2/repository/com/fasterxml/jackson/core/jackson-annotations/2.4.0/jackson-annotations-2.4.0.jar
7fb53266b000-7fb53267c000 r--s 000f6000 08:07 3152574                    /home/system/.m2/repository/com/fasterxml/jackson/core/jackson-databind/2.4.4/jackson-databind-2.4.4.jar
7fb53267c000-7fb53267e000 r--s 00004000 08:07 3152573                    /home/system/.m2/repository/io/dropwizard/metrics/metrics-graphite/3.1.0/metrics-graphite-3.1.0.jar
7fb53267e000-7fb53267f000 r--s 00003000 08:07 3152572                    /home/system/.m2/repository/io/dropwizard/metrics/metrics-json/3.1.0/metrics-json-3.1.0.jar
7fb53267f000-7fb532681000 r--s 00007000 08:07 3152571                    /home/system/.m2/repository/io/dropwizard/metrics/metrics-jvm/3.1.0/metrics-jvm-3.1.0.jar
7fb532681000-7fb532685000 r--s 00018000 08:07 3152570                    /home/system/.m2/repository/io/dropwizard/metrics/metrics-core/3.1.0/metrics-core-3.1.0.jar
7fb532685000-7fb532688000 r--s 00028000 08:07 3014814                    /home/system/.m2/repository/com/clearspring/analytics/stream/2.7.0/stream-2.7.0.jar
7fb532688000-7fb5326a5000 r--s 00196000 08:07 2886724                    /home/system/.m2/repository/io/netty/netty-all/4.0.23.Final/netty-all-4.0.23.Final.jar
7fb5326a5000-7fb5326b3000 r--s 0012a000 08:07 1578225                    /home/system/.m2/repository/org/apache/mesos/mesos/0.21.0/mesos-0.21.0-shaded-protobuf.jar
7fb5326b3000-7fb5326b5000 r--s 00013000 08:07 3014810                    /home/system/.m2/repository/org/json4s/json4s-ast_2.10/3.2.10/json4s-ast_2.10-3.2.10.jar
7fb5326b5000-7fb5326bf000 r--s 00085000 08:07 3014809                    /home/system/.m2/repository/org/json4s/json4s-core_2.10/3.2.10/json4s-core_2.10-3.2.10.jar
7fb5326bf000-7fb5326c0000 r--s 00009000 08:07 3014808                    /home/system/.m2/repository/org/json4s/json4s-jackson_2.10/3.2.10/json4s-jackson_2.10-3.2.10.jar
7fb5326c0000-7fb532732000 r--s 0065a000 08:07 677440                     /home/system/.m2/repository/org/scala-lang/scala-library/2.10.4/scala-library-2.10.4.jar
7fb532732000-7fb532733000 r--s 00003000 08:07 3014807                    /home/system/.m2/repository/org/spark-project/akka/akka-slf4j_2.10/2.3.4-spark/akka-slf4j_2.10-2.3.4-spark.jar
7fb532733000-7fb532735000 r--s 0000a000 08:07 3014806                    /home/system/.m2/repository/org/uncommons/maths/uncommons-maths/1.2.2a/uncommons-maths-1.2.2a.jar
7fb532735000-7fb53273d000 r--s 0007c000 08:07 3014805                    /home/system/.m2/repository/org/spark-project/protobuf/protobuf-java/2.5.0-spark/protobuf-java-2.5.0-spark.jar
7fb53273d000-7fb532755000 r--s 00115000 08:07 2886723                    /home/system/.m2/repository/io/netty/netty/3.8.0.Final/netty-3.8.0.Final.jar
7fb532755000-7fb532759000 r--s 00032000 08:07 2233232                    /home/system/.m2/repository/com/typesafe/config/1.2.1/config-1.2.1.jar
7fb532759000-7fb53277e000 r--s 0024b000 08:07 2886722                    /home/system/.m2/repository/org/spark-project/akka/akka-actor_2.10/2.3.4-spark/akka-actor_2.10-2.3.4-spark.jar
7fb53277e000-7fb532793000 r--s 00136000 08:07 2886721                    /home/system/.m2/repository/org/spark-project/akka/akka-remote_2.10/2.3.4-spark/akka-remote_2.10-2.3.4-spark.jar
7fb532793000-7fb532797000 r--s 00030000 08:07 4063286                    /home/system/.m2/repository/commons-net/commons-net/2.2/commons-net-2.2.jar
7fb532797000-7fb532799000 r--s 00019000 08:07 2886720                    /home/system/.m2/repository/org/roaringbitmap/RoaringBitmap/0.4.5/RoaringBitmap-0.4.5.jar
7fb532799000-7fb53279b000 r--s 00027000 08:07 2886719                    /home/system/.m2/repository/net/jpountz/lz4/lz4/1.2.0/lz4-1.2.0.jar
7fb53279b000-7fb53279d000 r--s 0008f000 08:07 2755979                    /home/system/.m2/repository/org/xerial/snappy/snappy-java/1.1.1.6/snappy-java-1.1.1.6.jar
7fb53279d000-7fb53279f000 r--s 00011000 08:07 2100234                    /home/system/.m2/repository/com/ning/compress-lzf/1.0.0/compress-lzf-1.0.0.jar
7fb53279f000-7fb5327a1000 r--s 00001000 08:07 2363805                    /home/system/.m2/repository/org/slf4j/slf4j-log4j12/1.7.10/slf4j-log4j12-1.7.10.jar
7fb5327a1000-7fb5327aa000 r--s 0006f000 08:07 2100233                    /home/system/.m2/repository/log4j/log4j/1.2.17/log4j-1.2.17.jar
7fb5327aa000-7fb5327ac000 r--s 00003000 08:07 2624929                    /home/system/.m2/repository/org/slf4j/jcl-over-slf4j/1.7.10/jcl-over-slf4j-1.7.10.jar
7fb5327ac000-7fb5327ae000 r--s 00000000 08:07 2363804                    /home/system/.m2/repository/org/slf4j/jul-to-slf4j/1.7.10/jul-to-slf4j-1.7.10.jar
7fb5327ae000-7fb5327af000 r--s 00007000 08:07 2363803                    /home/system/.m2/repository/org/slf4j/slf4j-api/1.7.10/slf4j-api-1.7.10.jar
7fb5327af000-7fb5327b2000 r--s 00006000 08:07 1969186                    /home/system/.m2/repository/com/google/code/findbugs/jsr305/1.3.9/jsr305-1.3.9.jar
7fb5327b2000-7fb5327cf000 r--s 0016a000 08:07 1186140                    /home/system/.m2/repository/org/apache/commons/commons-math3/3.1.1/commons-math3-3.1.1.jar
7fb5327cf000-7fb5327d6000 r--s 0005e000 08:07 1186139                    /home/system/.m2/repository/org/apache/commons/commons-lang3/3.3.2/commons-lang3-3.3.2.jar
7fb5327d6000-7fb5327d9000 r--s 0002e000 08:07 2886715                    /home/system/.m2/repository/org/eclipse/jetty/orbit/javax.servlet/3.0.0.v201112011016/javax.servlet-3.0.0.v201112011016.jar
7fb5327d9000-7fb5327db000 r--s 00014000 08:07 2886703                    /home/system/.m2/repository/jline/jline/0.9.94/jline-0.9.94.jar
7fb5327db000-7fb5327e7000 r--s 000b3000 08:07 2624359                    /home/system/.m2/repository/org/apache/zookeeper/zookeeper/3.4.5/zookeeper-3.4.5.jar
7fb5327e7000-7fb5327ea000 r--s 0000e000 08:07 2100232                    /home/system/.m2/repository/org/apache/curator/curator-client/2.4.0/curator-client-2.4.0.jar
7fb5327ea000-7fb5327ef000 r--s 00027000 08:07 1840565                    /home/system/.m2/repository/org/apache/curator/curator-framework/2.4.0/curator-framework-2.4.0.jar
7fb5327ef000-7fb5327f5000 r--s 00035000 08:07 1577717                    /home/system/.m2/repository/org/apache/curator/curator-recipes/2.4.0/curator-recipes-2.4.0.jar
7fb5327f5000-7fb5327fb000 r--s 00045000 08:07 1969185                    /home/system/.m2/repository/commons-httpclient/commons-httpclient/3.1/commons-httpclient-3.1.jar
7fb5327fb000-7fb5327fd000 r--s 0000a000 08:07 1708905                    /home/system/.m2/repository/commons-codec/commons-codec/1.3/commons-codec-1.3.jar
7fb5327fd000-7fb532803000 r--s 00057000 08:07 3016490                    /home/system/.m2/repository/net/java/dev/jets3t/jets3t/0.7.1/jets3t-0.7.1.jar
7fb532803000-7fb532806000 r--s 0000c000 08:07 1324292                    /home/system/.m2/repository/org/apache/spark/spark-network-shuffle_2.10/1.3.1/spark-network-shuffle_2.10-1.3.1.jar
7fb532806000-7fb532833000 r--s 00205000 08:07 1056756                    /home/system/.m2/repository/org/apache/spark/spark-network-common_2.10/1.3.1/spark-network-common_2.10-1.3.1.jar
7fb532833000-7fb532835000 r--s 00003000 08:07 1840564                    /home/system/.m2/repository/org/apache/hadoop/hadoop-annotations/2.2.0/hadoop-annotations-2.2.0.jar
7fb532835000-7fb532836000 r--s 00008000 08:07 2886700                    /home/system/.m2/repository/org/apache/hadoop/hadoop-mapreduce-client-jobclient/2.2.0/hadoop-mapreduce-client-jobclient-2.2.0.jar
7fb532836000-7fb532848000 r--s 0012c000 08:07 2886699                    /home/system/.m2/repository/org/apache/hadoop/hadoop-yarn-common/2.2.0/hadoop-yarn-common-2.2.0.jar
7fb532848000-7fb532860000 r--s 0014c000 08:07 2886698                    /home/system/.m2/repository/org/apache/hadoop/hadoop-mapreduce-client-core/2.2.0/hadoop-mapreduce-client-core-2.2.0.jar
7fb532860000-7fb532871000 r--s 0010a000 08:07 2886697                    /home/system/.m2/repository/org/apache/hadoop/hadoop-yarn-api/2.2.0/hadoop-yarn-api-2.2.0.jar
7fb532871000-7fb532873000 r--s 00004000 08:07 2886696                    /home/system/.m2/repository/org/apache/hadoop/hadoop-mapreduce-client-shuffle/2.2.0/hadoop-mapreduce-client-shuffle-2.2.0.jar
7fb532873000-7fb532877000 r--s 00027000 08:07 2886695                    /home/system/.m2/repository/org/apache/hadoop/hadoop-yarn-server-common/2.2.0/hadoop-yarn-server-common-2.2.0.jar
7fb532877000-7fb53287a000 r--s 00012000 08:07 2886685                    /home/system/.m2/repository/org/glassfish/javax.servlet/3.1/javax.servlet-3.1.jar
7fb53287a000-7fb532882000 r--s 0004b000 08:07 2886684                    /home/system/.m2/repository/org/glassfish/grizzly/grizzly-http-servlet/2.1.2/grizzly-http-servlet-2.1.2.jar
7fb532882000-7fb532886000 r--s 0002d000 08:07 2886682                    /home/system/.m2/repository/org/glassfish/grizzly/grizzly-http-server/2.1.2/grizzly-http-server-2.1.2.jar
7fb532886000-7fb532888000 r--s 00009000 08:07 2886681                    /home/system/.m2/repository/org/glassfish/external/management-api/3.0.0-b012/management-api-3.0.0-b012.jar
7fb532888000-7fb53288a000 r--s 00004000 08:07 2886680                    /home/system/.m2/repository/org/glassfish/gmbal/gmbal-api-only/3.0.0-b023/gmbal-api-only-3.0.0-b023.jar
7fb53288a000-7fb532898000 r--s 0009b000 08:07 2886679                    /home/system/.m2/repository/org/glassfish/grizzly/grizzly-framework/2.1.2/grizzly-framework-2.1.2.jar
7fb532898000-7fb53289c000 r--s 0003a000 08:07 2886678                    /home/system/.m2/repository/org/glassfish/grizzly/grizzly-http/2.1.2/grizzly-http-2.1.2.jar
7fb53289c000-7fb53289e000 r--s 00003000 08:07 2886677                    /home/system/.m2/repository/com/sun/jersey/jersey-grizzly2/1.9/jersey-grizzly2-1.9.jar
7fb53289e000-7fb5328ad000 r--s 0009f000 08:07 2886671                    /home/system/.m2/repository/com/google/inject/guice/3.0/guice-3.0.jar
7fb5328ad000-7fb5328b9000 r--s 00095000 08:07 2886669                    /home/system/.m2/repository/org/apache/hadoop/hadoop-mapreduce-client-common/2.2.0/hadoop-mapreduce-client-common-2.2.0.jar
7fb5328b9000-7fb5328fe000 r--s 004bb000 08:07 2755975                    /home/system/.m2/repository/org/apache/hadoop/hadoop-hdfs/2.2.0/hadoop-hdfs-2.2.0.jar
7fb5328fe000-7fb532929000 r--s 00271000 08:07 1840563                    /home/system/.m2/repository/org/apache/hadoop/hadoop-common/2.2.0/hadoop-common-2.2.0.jar
7fb532929000-7fb5329cd000 r--s 007d3000 08:07 1186548                    /home/system/.m2/repository/org/apache/spark/spark-core_2.10/1.3.1/spark-core_2.10-1.3.1.jar
7fb5329cd000-7fb5329ce000 ---p 00000000 00:00 0 
7fb5329ce000-7fb532ace000 rw-p 00000000 00:00 0                          [stack:21527]
7fb532ace000-7fb532ad1000 ---p 00000000 00:00 0 
7fb532ad1000-7fb532bcf000 rw-p 00000000 00:00 0                          [stack:21526]
7fb532bcf000-7fb532bd2000 ---p 00000000 00:00 0 
7fb532bd2000-7fb532cd0000 rw-p 00000000 00:00 0                          [stack:21525]
7fb532cd0000-7fb532cd3000 ---p 00000000 00:00 0 
7fb532cd3000-7fb532dd1000 rw-p 00000000 00:00 0                          [stack:21524]
7fb532dd1000-7fb532dd4000 ---p 00000000 00:00 0 
7fb532dd4000-7fb532ed2000 rw-p 00000000 00:00 0                          [stack:21523]
7fb532ed2000-7fb5335b4000 r--p 00000000 08:07 7085045                    /usr/lib/locale/locale-archive
7fb5335b4000-7fb5335b7000 ---p 00000000 00:00 0 
7fb5335b7000-7fb5336b5000 rw-p 00000000 00:00 0                          [stack:21517]
7fb5336b5000-7fb5336b8000 ---p 00000000 00:00 0 
7fb5336b8000-7fb5337b6000 rw-p 00000000 00:00 0                          [stack:21516]
7fb5337b6000-7fb5337b7000 ---p 00000000 00:00 0 
7fb5337b7000-7fb534000000 rw-p 00000000 00:00 0                          [stack:21515]
7fb534000000-7fb534021000 rw-p 00000000 00:00 0 
7fb534021000-7fb538000000 ---p 00000000 00:00 0 
7fb538000000-7fb538021000 rw-p 00000000 00:00 0 
7fb538021000-7fb53c000000 ---p 00000000 00:00 0 
7fb53c000000-7fb53c001000 r--s 00003000 08:07 2886694                    /home/system/.m2/repository/com/sun/jersey/contribs/jersey-guice/1.9/jersey-guice-1.9.jar
7fb53c001000-7fb53c004000 r--s 0001d000 08:07 2886676                    /home/system/.m2/repository/com/sun/jersey/jersey-client/1.9/jersey-client-1.9.jar
7fb53c004000-7fb53c007000 r--s 00012000 08:07 2886675                    /home/system/.m2/repository/javax/servlet/javax.servlet-api/3.0.1/javax.servlet-api-3.0.1.jar
7fb53c007000-7fb53c830000 rw-p 00000000 00:00 0 
7fb53c830000-7fb53c9e1000 r--s 01d27000 08:07 7209809                    /usr/lib/jvm/java-7-openjdk-amd64/jre/lib/rt.jar
7fb53c9e1000-7fb540000000 rw-p 00000000 00:00 0 
7fb540000000-7fb540025000 rw-p 00000000 00:00 0 
7fb540025000-7fb544000000 ---p 00000000 00:00 0 
7fb544000000-7fb544002000 r--s 00005000 08:07 2886674                    /home/system/.m2/repository/com/sun/jersey/jersey-test-framework/jersey-test-framework-core/1.9/jersey-test-framework-core-1.9.jar
7fb544002000-7fb544004000 r--s 00002000 08:07 2363379                    /home/system/.m2/repository/com/sun/jersey/jersey-test-framework/jersey-test-framework-grizzly2/1.9/jersey-test-framework-grizzly2-1.9.jar
7fb544004000-7fb544007000 r--s 00015000 08:07 2886670                    /home/system/.m2/repository/org/apache/hadoop/hadoop-yarn-client/2.2.0/hadoop-yarn-client-2.2.0.jar
7fb544007000-7fb544010000 r--s 0006d000 08:07 2886668                    /home/system/.m2/repository/org/apache/hadoop/hadoop-mapreduce-client-app/2.2.0/hadoop-mapreduce-client-app-2.2.0.jar
7fb544010000-7fb544014000 r--s 00028000 08:07 2755976                    /home/system/.m2/repository/org/mortbay/jetty/jetty-util/6.1.26/jetty-util-6.1.26.jar
7fb544014000-7fb544018000 r--s 00014000 08:07 2493500                    /home/system/.m2/repository/org/tukaani/xz/1.0/xz-1.0.jar
7fb544018000-7fb544020000 r--s 0007b000 08:07 2624357                    /home/system/.m2/repository/com/google/protobuf/protobuf-java/2.5.0/protobuf-java-2.5.0.jar
7fb544020000-7fb5441c4000 rw-p 00000000 00:00 0 
7fb5441c4000-7fb5441c5000 ---p 00000000 00:00 0 
7fb5441c5000-7fb5442c5000 rw-p 00000000 00:00 0                          [stack:21512]
7fb5442c5000-7fb5442c6000 ---p 00000000 00:00 0 
7fb5442c6000-7fb5443c6000 rw-p 00000000 00:00 0                          [stack:21511]
7fb5443c6000-7fb5443c7000 ---p 00000000 00:00 0 
7fb5443c7000-7fb5444e6000 rw-p 00000000 00:00 0                          [stack:21510]
7fb5444e6000-7fb5446af000 rw-p 00000000 00:00 0 
7fb5446af000-7fb5446c3000 rw-p 00000000 00:00 0 
7fb5446c3000-7fb544702000 rw-p 00000000 00:00 0 
7fb544702000-7fb544721000 rw-p 00000000 00:00 0 
7fb544721000-7fb5448ea000 rw-p 00000000 00:00 0 
7fb5448ea000-7fb544959000 rw-p 00000000 00:00 0 
7fb544959000-7fb5449de000 rw-p 00000000 00:00 0 
7fb5449de000-7fb5449df000 rw-p 00000000 00:00 0 
7fb5449df000-7fb544c4f000 rwxp 00000000 00:00 0 
7fb544c4f000-7fb5479df000 rw-p 00000000 00:00 0 
7fb5479df000-7fb5479e7000 r-xp 00000000 08:07 7209774                    /usr/lib/jvm/java-7-openjdk-amd64/jre/lib/amd64/libzip.so
7fb5479e7000-7fb547be6000 ---p 00008000 08:07 7209774                    /usr/lib/jvm/java-7-openjdk-amd64/jre/lib/amd64/libzip.so
7fb547be6000-7fb547be7000 r--p 00007000 08:07 7209774                    /usr/lib/jvm/java-7-openjdk-amd64/jre/lib/amd64/libzip.so
7fb547be7000-7fb547be8000 rw-p 00008000 08:07 7209774                    /usr/lib/jvm/java-7-openjdk-amd64/jre/lib/amd64/libzip.so
7fb547be8000-7fb547bf3000 r-xp 00000000 08:07 1056499                    /lib/x86_64-linux-gnu/libnss_files-2.19.so
7fb547bf3000-7fb547df2000 ---p 0000b000 08:07 1056499                    /lib/x86_64-linux-gnu/libnss_files-2.19.so
7fb547df2000-7fb547df3000 r--p 0000a000 08:07 1056499                    /lib/x86_64-linux-gnu/libnss_files-2.19.so
7fb547df3000-7fb547df4000 rw-p 0000b000 08:07 1056499                    /lib/x86_64-linux-gnu/libnss_files-2.19.so
7fb547df4000-7fb547dff000 r-xp 00000000 08:07 1056534                    /lib/x86_64-linux-gnu/libnss_nis-2.19.so
7fb547dff000-7fb547ffe000 ---p 0000b000 08:07 1056534                    /lib/x86_64-linux-gnu/libnss_nis-2.19.so
7fb547ffe000-7fb547fff000 r--p 0000a000 08:07 1056534                    /lib/x86_64-linux-gnu/libnss_nis-2.19.so
7fb547fff000-7fb548000000 rw-p 0000b000 08:07 1056534                    /lib/x86_64-linux-gnu/libnss_nis-2.19.so
7fb548000000-7fb5492fe000 rw-p 00000000 00:00 0 
7fb5492fe000-7fb54c000000 ---p 00000000 00:00 0 
7fb54c000000-7fb54c002000 r--s 00000000 08:07 2886673                    /home/system/.m2/repository/aopalliance/aopalliance/1.0/aopalliance-1.0.jar
7fb54c002000-7fb54c007000 r--s 00036000 08:07 1444585                    /home/system/.m2/repository/org/apache/commons/commons-compress/1.4.1/commons-compress-1.4.1.jar
7fb54c007000-7fb54c00e000 r--s 00044000 08:07 532232                     /home/system/.m2/repository/org/apache/avro/avro/1.7.4/avro-1.7.4.jar
7fb54c00e000-7fb54c013000 r--s 00040000 08:07 2100230                    /home/system/.m2/repository/commons-lang/commons-lang/2.5/commons-lang-2.5.jar
7fb54c013000-7fb54c014000 ---p 00000000 00:00 0 
7fb54c014000-7fb54c128000 rw-p 00000000 00:00 0                          [stack:21509]
7fb54c128000-7fb54c167000 rw-p 00000000 00:00 0 
7fb54c167000-7fb54c17e000 r-xp 00000000 08:07 1056523                    /lib/x86_64-linux-gnu/libnsl-2.19.so
7fb54c17e000-7fb54c37d000 ---p 00017000 08:07 1056523                    /lib/x86_64-linux-gnu/libnsl-2.19.so
7fb54c37d000-7fb54c37e000 r--p 00016000 08:07 1056523                    /lib/x86_64-linux-gnu/libnsl-2.19.so
7fb54c37e000-7fb54c37f000 rw-p 00017000 08:07 1056523                    /lib/x86_64-linux-gnu/libnsl-2.19.so
7fb54c37f000-7fb54c381000 rw-p 00000000 00:00 0 
7fb54c381000-7fb54c38a000 r-xp 00000000 08:07 1056522                    /lib/x86_64-linux-gnu/libnss_compat-2.19.so
7fb54c38a000-7fb54c589000 ---p 00009000 08:07 1056522                    /lib/x86_64-linux-gnu/libnss_compat-2.19.so
7fb54c589000-7fb54c58a000 r--p 00008000 08:07 1056522                    /lib/x86_64-linux-gnu/libnss_compat-2.19.so
7fb54c58a000-7fb54c58b000 rw-p 00009000 08:07 1056522                    /lib/x86_64-linux-gnu/libnss_compat-2.19.so
7fb54c58b000-7fb54c5b6000 r-xp 00000000 08:07 7209795                    /usr/lib/jvm/java-7-openjdk-amd64/jre/lib/amd64/libjava.so
7fb54c5b6000-7fb54c7b6000 ---p 0002b000 08:07 7209795                    /usr/lib/jvm/java-7-openjdk-amd64/jre/lib/amd64/libjava.so
7fb54c7b6000-7fb54c7b7000 r--p 0002b000 08:07 7209795                    /usr/lib/jvm/java-7-openjdk-amd64/jre/lib/amd64/libjava.so
7fb54c7b7000-7fb54c7b9000 rw-p 0002c000 08:07 7209795                    /usr/lib/jvm/java-7-openjdk-amd64/jre/lib/amd64/libjava.so
7fb54c7b9000-7fb54c7c9000 r-xp 00000000 08:07 7209791                    /usr/lib/jvm/java-7-openjdk-amd64/jre/lib/amd64/libverify.so
7fb54c7c9000-7fb54c9c8000 ---p 00010000 08:07 7209791                    /usr/lib/jvm/java-7-openjdk-amd64/jre/lib/amd64/libverify.so
7fb54c9c8000-7fb54c9ca000 r--p 0000f000 08:07 7209791                    /usr/lib/jvm/java-7-openjdk-amd64/jre/lib/amd64/libverify.so
7fb54c9ca000-7fb54c9cb000 rw-p 00011000 08:07 7209791                    /usr/lib/jvm/java-7-openjdk-amd64/jre/lib/amd64/libverify.so
7fb54c9cb000-7fb54c9d2000 r-xp 00000000 08:07 1056531                    /lib/x86_64-linux-gnu/librt-2.19.so
7fb54c9d2000-7fb54cbd1000 ---p 00007000 08:07 1056531                    /lib/x86_64-linux-gnu/librt-2.19.so
7fb54cbd1000-7fb54cbd2000 r--p 00006000 08:07 1056531                    /lib/x86_64-linux-gnu/librt-2.19.so
7fb54cbd2000-7fb54cbd3000 rw-p 00007000 08:07 1056531                    /lib/x86_64-linux-gnu/librt-2.19.so
7fb54cbd3000-7fb54cbe9000 r-xp 00000000 08:07 1056421                    /lib/x86_64-linux-gnu/libgcc_s.so.1
7fb54cbe9000-7fb54cde8000 ---p 00016000 08:07 1056421                    /lib/x86_64-linux-gnu/libgcc_s.so.1
7fb54cde8000-7fb54cde9000 rw-p 00015000 08:07 1056421                    /lib/x86_64-linux-gnu/libgcc_s.so.1
7fb54cde9000-7fb54ceee000 r-xp 00000000 08:07 1056498                    /lib/x86_64-linux-gnu/libm-2.19.so
7fb54ceee000-7fb54d0ed000 ---p 00105000 08:07 1056498                    /lib/x86_64-linux-gnu/libm-2.19.so
7fb54d0ed000-7fb54d0ee000 r--p 00104000 08:07 1056498                    /lib/x86_64-linux-gnu/libm-2.19.so
7fb54d0ee000-7fb54d0ef000 rw-p 00105000 08:07 1056498                    /lib/x86_64-linux-gnu/libm-2.19.so
7fb54d0ef000-7fb54d1d5000 r-xp 00000000 08:07 7086976                    /usr/lib/x86_64-linux-gnu/libstdc++.so.6.0.19
7fb54d1d5000-7fb54d3d4000 ---p 000e6000 08:07 7086976                    /usr/lib/x86_64-linux-gnu/libstdc++.so.6.0.19
7fb54d3d4000-7fb54d3dc000 r--p 000e5000 08:07 7086976                    /usr/lib/x86_64-linux-gnu/libstdc++.so.6.0.19
7fb54d3dc000-7fb54d3de000 rw-p 000ed000 08:07 7086976                    /usr/lib/x86_64-linux-gnu/libstdc++.so.6.0.19
7fb54d3de000-7fb54d3f3000 rw-p 00000000 00:00 0 
7fb54d3f3000-7fb54df0b000 r-xp 00000000 08:07 7209807                    /usr/lib/jvm/java-7-openjdk-amd64/jre/lib/amd64/server/libjvm.so
7fb54df0b000-7fb54e10b000 ---p 00b18000 08:07 7209807                    /usr/lib/jvm/java-7-openjdk-amd64/jre/lib/amd64/server/libjvm.so
7fb54e10b000-7fb54e1a5000 r--p 00b18000 08:07 7209807                    /usr/lib/jvm/java-7-openjdk-amd64/jre/lib/amd64/server/libjvm.so
7fb54e1a5000-7fb54e1c8000 rw-p 00bb2000 08:07 7209807                    /usr/lib/jvm/java-7-openjdk-amd64/jre/lib/amd64/server/libjvm.so
7fb54e1c8000-7fb54e1f6000 rw-p 00000000 00:00 0 
7fb54e1f6000-7fb54e20e000 r-xp 00000000 08:07 1052758                    /lib/x86_64-linux-gnu/libz.so.1.2.8
7fb54e20e000-7fb54e40d000 ---p 00018000 08:07 1052758                    /lib/x86_64-linux-gnu/libz.so.1.2.8
7fb54e40d000-7fb54e40e000 r--p 00017000 08:07 1052758                    /lib/x86_64-linux-gnu/libz.so.1.2.8
7fb54e40e000-7fb54e40f000 rw-p 00018000 08:07 1052758                    /lib/x86_64-linux-gnu/libz.so.1.2.8
7fb54e40f000-7fb54e428000 r-xp 00000000 08:07 1056529                    /lib/x86_64-linux-gnu/libpthread-2.19.so
7fb54e428000-7fb54e627000 ---p 00019000 08:07 1056529                    /lib/x86_64-linux-gnu/libpthread-2.19.so
7fb54e627000-7fb54e628000 r--p 00018000 08:07 1056529                    /lib/x86_64-linux-gnu/libpthread-2.19.so
7fb54e628000-7fb54e629000 rw-p 00019000 08:07 1056529                    /lib/x86_64-linux-gnu/libpthread-2.19.so
7fb54e629000-7fb54e62d000 rw-p 00000000 00:00 0 
7fb54e62d000-7fb54e630000 r-xp 00000000 08:07 1056502                    /lib/x86_64-linux-gnu/libdl-2.19.so
7fb54e630000-7fb54e82f000 ---p 00003000 08:07 1056502                    /lib/x86_64-linux-gnu/libdl-2.19.so
7fb54e82f000-7fb54e830000 r--p 00002000 08:07 1056502                    /lib/x86_64-linux-gnu/libdl-2.19.so
7fb54e830000-7fb54e831000 rw-p 00003000 08:07 1056502                    /lib/x86_64-linux-gnu/libdl-2.19.so
7fb54e831000-7fb54e9ec000 r-xp 00000000 08:07 1056528                    /lib/x86_64-linux-gnu/libc-2.19.so
7fb54e9ec000-7fb54ebeb000 ---p 001bb000 08:07 1056528                    /lib/x86_64-linux-gnu/libc-2.19.so
7fb54ebeb000-7fb54ebef000 r--p 001ba000 08:07 1056528                    /lib/x86_64-linux-gnu/libc-2.19.so
7fb54ebef000-7fb54ebf1000 rw-p 001be000 08:07 1056528                    /lib/x86_64-linux-gnu/libc-2.19.so
7fb54ebf1000-7fb54ebf6000 rw-p 00000000 00:00 0 
7fb54ebf6000-7fb54ec03000 r-xp 00000000 08:07 7209765                    /usr/lib/jvm/java-7-openjdk-amd64/jre/lib/amd64/jli/libjli.so
7fb54ec03000-7fb54ee02000 ---p 0000d000 08:07 7209765                    /usr/lib/jvm/java-7-openjdk-amd64/jre/lib/amd64/jli/libjli.so
7fb54ee02000-7fb54ee03000 r--p 0000c000 08:07 7209765                    /usr/lib/jvm/java-7-openjdk-amd64/jre/lib/amd64/jli/libjli.so
7fb54ee03000-7fb54ee04000 rw-p 0000d000 08:07 7209765                    /usr/lib/jvm/java-7-openjdk-amd64/jre/lib/amd64/jli/libjli.so
7fb54ee04000-7fb54ee27000 r-xp 00000000 08:07 1056525                    /lib/x86_64-linux-gnu/ld-2.19.so
7fb54ee27000-7fb54ee28000 r--s 00001000 08:07 2886683                    /home/system/.m2/repository/org/glassfish/grizzly/grizzly-rcm/2.1.2/grizzly-rcm-2.1.2.jar
7fb54ee28000-7fb54ee29000 r--s 00000000 08:07 2886672                    /home/system/.m2/repository/javax/inject/javax.inject/1/javax.inject-1.jar
7fb54ee29000-7fb54ee2b000 r--s 0000b000 08:07 2624358                    /home/system/.m2/repository/org/apache/hadoop/hadoop-auth/2.2.0/hadoop-auth-2.2.0.jar
7fb54ee2b000-7fb54ee2d000 r--s 0000d000 08:07 2100229                    /home/system/.m2/repository/commons-logging/commons-logging/1.1.1/commons-logging-1.1.1.jar
7fb54ee2d000-7fb54ee2e000 r--s 00003000 08:07 1709047                    /home/system/.m2/repository/xmlenc/xmlenc/0.52/xmlenc-0.52.jar
7fb54ee2e000-7fb54ee2f000 r--s 00000000 08:07 1186138                    /home/system/.m2/repository/org/apache/hadoop/hadoop-client/2.2.0/hadoop-client-2.2.0.jar
7fb54ee2f000-7fb54ee31000 r--s 0000a000 08:07 1709046                    /home/system/.m2/repository/com/twitter/chill-java/0.5.0/chill-java-0.5.0.jar
7fb54ee31000-7fb54ee33000 r--s 00007000 08:07 935702                     /home/system/.m2/repository/org/objenesis/objenesis/1.2/objenesis-1.2.jar
7fb54ee33000-7fb54ee35000 r--s 00000000 08:07 1840562                    /home/system/.m2/repository/com/esotericsoftware/minlog/minlog/1.2/minlog-1.2.jar
7fb54ee35000-7fb54ee3b000 r--s 00053000 08:07 1709044                    /home/system/.m2/repository/com/esotericsoftware/kryo/kryo/2.21/kryo-2.21.jar
7fb54ee3b000-7fb54ee3f000 r--s 00032000 08:07 1577716                    /home/system/.m2/repository/com/twitter/chill_2.10/0.5.0/chill_2.10-0.5.0.jar
7fb54ee3f000-7fb54ee49000 rw-p 00000000 00:00 0 
7fb54ee49000-7fb54eeff000 rw-p 00000000 00:00 0 
7fb54eeff000-7fb54ef02000 ---p 00000000 00:00 0 
7fb54ef02000-7fb54f005000 rw-p 00000000 00:00 0                          [stack:21508]
7fb54f005000-7fb54f007000 r--s 0000f000 08:07 1709045                    /home/system/.m2/repository/com/esotericsoftware/reflectasm/reflectasm/1.07/reflectasm-1.07-shaded.jar
7fb54f007000-7fb54f00b000 r--s 00034000 08:07 7209816                    /usr/lib/jvm/java-7-openjdk-amd64/jre/lib/ext/sunjce_provider.jar
7fb54f00b000-7fb54f00f000 r--s 0003c000 08:07 7209814                    /usr/lib/jvm/java-7-openjdk-amd64/jre/lib/ext/sunpkcs11.jar
7fb54f00f000-7fb54f012000 r--s 0000f000 08:07 7209812                    /usr/lib/jvm/java-7-openjdk-amd64/jre/lib/ext/icedtea-sound.jar
7fb54f012000-7fb54f014000 r--s 00012000 08:07 7209817                    /usr/lib/jvm/java-7-openjdk-amd64/jre/lib/ext/zipfs.jar
7fb54f014000-7fb54f017000 r--s 00086000 08:07 7209815                    /usr/lib/jvm/java-7-openjdk-amd64/jre/lib/ext/localedata.jar
7fb54f017000-7fb54f018000 r--s 00002000 08:07 7209813                    /usr/lib/jvm/java-7-openjdk-amd64/jre/lib/ext/dnsns.jar
7fb54f018000-7fb54f01a000 r--s 00006000 08:07 6304                       /usr/share/java/java-atk-wrapper.jar
7fb54f01a000-7fb54f022000 rw-s 00000000 08:07 4719216                    /tmp/hsperfdata_system/21499
7fb54f022000-7fb54f023000 rw-p 00000000 00:00 0 
7fb54f023000-7fb54f024000 ---p 00000000 00:00 0 
7fb54f024000-7fb54f026000 rw-p 00000000 00:00 0 
7fb54f026000-7fb54f027000 r--p 00022000 08:07 1056525                    /lib/x86_64-linux-gnu/ld-2.19.so
7fb54f027000-7fb54f028000 rw-p 00023000 08:07 1056525                    /lib/x86_64-linux-gnu/ld-2.19.so
7fb54f028000-7fb54f029000 rw-p 00000000 00:00 0 
7ffd5af88000-7ffd5afad000 rw-p 00000000 00:00 0                          [stack]
7ffd5afd0000-7ffd5afd2000 r-xp 00000000 00:00 0                          [vdso]
ffffffffff600000-ffffffffff601000 r-xp 00000000 00:00 0                  [vsyscall]

VM Arguments:
jvm_args: -Dfile.encoding=UTF-8 
java_command: org.sifarish.common.Rough
Launcher Type: SUN_STANDARD

Environment Variables:
PATH=/home/system/Downloads/spark-1.2.1-bin-hadoop2.4/bin:/usr/local/sbin:/usr/local/bin:/usr/sbin:/usr/bin:/sbin:/bin:/usr/games:/usr/local/games
SHELL=/bin/bash
DISPLAY=:0

Signal Handlers:
SIGSEGV: [libjvm.so+0x94b9a0], sa_mask[0]=0x7ffbfeff, sa_flags=0x10000004
SIGBUS: [libjvm.so+0x94b9a0], sa_mask[0]=0x7ffbfeff, sa_flags=0x10000004
SIGFPE: [libjvm.so+0x7c3880], sa_mask[0]=0x7ffbfeff, sa_flags=0x10000004
SIGPIPE: [libjvm.so+0x7c3880], sa_mask[0]=0x7ffbfeff, sa_flags=0x10000004
SIGXFSZ: [libjvm.so+0x7c3880], sa_mask[0]=0x7ffbfeff, sa_flags=0x10000004
SIGILL: [libjvm.so+0x7c3880], sa_mask[0]=0x7ffbfeff, sa_flags=0x10000004
SIGUSR1: SIG_DFL, sa_mask[0]=0x00000000, sa_flags=0x00000000
SIGUSR2: [libjvm.so+0x7c3720], sa_mask[0]=0x00000004, sa_flags=0x10000004
SIGHUP: [libjvm.so+0x7c3900], sa_mask[0]=0x7ffbfeff, sa_flags=0x10000004
SIGINT: [libjvm.so+0x7c3900], sa_mask[0]=0x7ffbfeff, sa_flags=0x10000004
SIGTERM: [libjvm.so+0x7c3900], sa_mask[0]=0x7ffbfeff, sa_flags=0x10000004
SIGQUIT: [libjvm.so+0x7c3900], sa_mask[0]=0x7ffbfeff, sa_flags=0x10000004
SIGTRAP: SIG_DFL, sa_mask[0]=0x00000000, sa_flags=0x00000000


---------------  S Y S T E M  ---------------

OS:Ubuntu 14.04 (trusty)
uname:Linux 3.13.0-53-generic #89-Ubuntu SMP Wed May 20 10:34:39 UTC 2015 x86_64
libc:glibc 2.19 NPTL 2.19 
rlimit: STACK 8192k, CORE 0k, NPROC 46129, NOFILE 4096, AS infinity
load average:2.67 1.44 1.29

/proc/meminfo:
MemTotal:        5990708 kB
MemFree:          124304 kB
Buffers:            1800 kB
Cached:           679388 kB
SwapCached:        10864 kB
Active:          4494700 kB
Inactive:        1119128 kB
Active(anon):    4460628 kB
Inactive(anon):  1087928 kB
Active(file):      34072 kB
Inactive(file):    31200 kB
Unevictable:         816 kB
Mlocked:             816 kB
SwapTotal:        203772 kB
SwapFree:              0 kB
Dirty:              2880 kB
Writeback:             0 kB
AnonPages:       4922656 kB
Mapped:           449196 kB
Shmem:            615868 kB
Slab:             106188 kB
SReclaimable:      61512 kB
SUnreclaim:        44676 kB
KernelStack:        7856 kB
PageTables:        60596 kB
NFS_Unstable:          0 kB
Bounce:                0 kB
WritebackTmp:          0 kB
CommitLimit:     3199124 kB
Committed_AS:   12525400 kB
VmallocTotal:   34359738367 kB
VmallocUsed:      551888 kB
VmallocChunk:   34359175644 kB
HardwareCorrupted:     0 kB
AnonHugePages:   1630208 kB
HugePages_Total:       0
HugePages_Free:        0
HugePages_Rsvd:        0
HugePages_Surp:        0
Hugepagesize:       2048 kB
DirectMap4k:       69372 kB
DirectMap2M:     6100992 kB


CPU:total 4 (2 cores per cpu, 2 threads per core) family 6 model 58 stepping 9, cmov, cx8, fxsr, mmx, sse, sse2, sse3, ssse3, sse4.1, sse4.2, popcnt, avx, erms, ht, tsc, tscinvbit, tscinv

/proc/cpuinfo:
processor	: 0
vendor_id	: GenuineIntel
cpu family	: 6
model		: 58
model name	: Intel(R) Core(TM) i3-3227U CPU @ 1.90GHz
stepping	: 9
microcode	: 0x17
cpu MHz		: 779.000
cache size	: 3072 KB
physical id	: 0
siblings	: 4
core id		: 0
cpu cores	: 2
apicid		: 0
initial apicid	: 0
fpu		: yes
fpu_exception	: yes
cpuid level	: 13
wp		: yes
flags		: fpu vme de pse tsc msr pae mce cx8 apic sep mtrr pge mca cmov pat pse36 clflush dts acpi mmx fxsr sse sse2 ss ht tm pbe syscall nx rdtscp lm constant_tsc arch_perfmon pebs bts rep_good nopl xtopology nonstop_tsc aperfmperf eagerfpu pni pclmulqdq dtes64 monitor ds_cpl vmx est tm2 ssse3 cx16 xtpr pdcm pcid sse4_1 sse4_2 x2apic popcnt tsc_deadline_timer xsave avx f16c lahf_lm ida arat epb xsaveopt pln pts dtherm tpr_shadow vnmi flexpriority ept vpid fsgsbase smep erms
bogomips	: 3791.36
clflush size	: 64
cache_alignment	: 64
address sizes	: 36 bits physical, 48 bits virtual
power management:

processor	: 1
vendor_id	: GenuineIntel
cpu family	: 6
model		: 58
model name	: Intel(R) Core(TM) i3-3227U CPU @ 1.90GHz
stepping	: 9
microcode	: 0x17
cpu MHz		: 1901.000
cache size	: 3072 KB
physical id	: 0
siblings	: 4
core id		: 0
cpu cores	: 2
apicid		: 1
initial apicid	: 1
fpu		: yes
fpu_exception	: yes
cpuid level	: 13
wp		: yes
flags		: fpu vme de pse tsc msr pae mce cx8 apic sep mtrr pge mca cmov pat pse36 clflush dts acpi mmx fxsr sse sse2 ss ht tm pbe syscall nx rdtscp lm constant_tsc arch_perfmon pebs bts rep_good nopl xtopology nonstop_tsc aperfmperf eagerfpu pni pclmulqdq dtes64 monitor ds_cpl vmx est tm2 ssse3 cx16 xtpr pdcm pcid sse4_1 sse4_2 x2apic popcnt tsc_deadline_timer xsave avx f16c lahf_lm ida arat epb xsaveopt pln pts dtherm tpr_shadow vnmi flexpriority ept vpid fsgsbase smep erms
bogomips	: 3791.36
clflush size	: 64
cache_alignment	: 64
address sizes	: 36 bits physical, 48 bits virtual
power management:

processor	: 2
vendor_id	: GenuineIntel
cpu family	: 6
model		: 58
model name	: Intel(R) Core(TM) i3-3227U CPU @ 1.90GHz
stepping	: 9
microcode	: 0x17
cpu MHz		: 779.000
cache size	: 3072 KB
physical id	: 0
siblings	: 4
core id		: 1
cpu cores	: 2
apicid		: 2
initial apicid	: 2
fpu		: yes
fpu_exception	: yes
cpuid level	: 13
wp		: yes
flags		: fpu vme de pse tsc msr pae mce cx8 apic sep mtrr pge mca cmov pat pse36 clflush dts acpi mmx fxsr sse sse2 ss ht tm pbe syscall nx rdtscp lm constant_tsc arch_perfmon pebs bts rep_good nopl xtopology nonstop_tsc aperfmperf eagerfpu pni pclmulqdq dtes64 monitor ds_cpl vmx est tm2 ssse3 cx16 xtpr pdcm pcid sse4_1 sse4_2 x2apic popcnt tsc_deadline_timer xsave avx f16c lahf_lm ida arat epb xsaveopt pln pts dtherm tpr_shadow vnmi flexpriority ept vpid fsgsbase smep erms
bogomips	: 3791.36
clflush size	: 64
cache_alignment	: 64
address sizes	: 36 bits physical, 48 bits virtual
power management:

processor	: 3
vendor_id	: GenuineIntel
cpu family	: 6
model		: 58
model name	: Intel(R) Core(TM) i3-3227U CPU @ 1.90GHz
stepping	: 9
microcode	: 0x17
cpu MHz		: 1901.000
cache size	: 3072 KB
physical id	: 0
siblings	: 4
core id		: 1
cpu cores	: 2
apicid		: 3
initial apicid	: 3
fpu		: yes
fpu_exception	: yes
cpuid level	: 13
wp		: yes
flags		: fpu vme de pse tsc msr pae mce cx8 apic sep mtrr pge mca cmov pat pse36 clflush dts acpi mmx fxsr sse sse2 ss ht tm pbe syscall nx rdtscp lm constant_tsc arch_perfmon pebs bts rep_good nopl xtopology nonstop_tsc aperfmperf eagerfpu pni pclmulqdq dtes64 monitor ds_cpl vmx est tm2 ssse3 cx16 xtpr pdcm pcid sse4_1 sse4_2 x2apic popcnt tsc_deadline_timer xsave avx f16c lahf_lm ida arat epb xsaveopt pln pts dtherm tpr_shadow vnmi flexpriority ept vpid fsgsbase smep erms
bogomips	: 3791.36
clflush size	: 64
cache_alignment	: 64
address sizes	: 36 bits physical, 48 bits virtual
power management:



Memory: 4k page, physical 5990708k(124304k free), swap 203772k(0k free)

vm_info: OpenJDK 64-Bit Server VM (24.79-b02) for linux-amd64 JRE (1.7.0_79-b14), built on Apr 16 2015 08:21:58 by "buildd" with gcc 4.8.2

time: Sun Sep  6 02:46:33 2015
elapsed time: 44 seconds

